#
# There is insufficient memory for the Java Runtime Environment to continue.
# Native memory allocation (malloc) failed to allocate 2120656 bytes for Chunk::new
# Possible reasons:
#   The system is out of physical RAM or swap space
#   The process is running with CompressedOops enabled, and the Java Heap may be blocking the growth of the native heap
# Possible solutions:
#   Reduce memory load on the system
#   Increase physical memory or swap space
#   Check if swap backing store is full
#   Decrease Java heap size (-Xmx/-Xms)
#   Decrease number of Java threads
#   Decrease Java thread stack sizes (-Xss)
#   Set larger code cache with -XX:ReservedCodeCacheSize=
#   JVM is running with Unscaled Compressed Oops mode in which the Java heap is
#     placed in the first 4GB address space. The Java Heap base address is the
#     maximum limit for the native heap growth. Please use -XX:HeapBaseMinAddress
#     to set the Java Heap base and to place the Java Heap above 4GB virtual address.
# This output file may be truncated or incomplete.
#
#  Out of Memory Error (./src/hotspot/share/memory/arena.cpp:197), pid=2876, tid=1040
#
# JRE version: OpenJDK Runtime Environment (11.0.10) (build 11.0.10+0-b96-7249189)
# Java VM: OpenJDK 64-Bit Server VM (11.0.10+0-b96-7249189, mixed mode, tiered, compressed oops, g1 gc, windows-amd64)
# No core dump will be written. Minidumps are not enabled by default on client versions of Windows
#

---------------  S U M M A R Y ------------

Command Line: --add-opens=java.base/java.util=ALL-UNNAMED --add-opens=java.base/java.lang=ALL-UNNAMED --add-opens=java.base/java.lang.invoke=ALL-UNNAMED --add-opens=java.base/java.util=ALL-UNNAMED --add-opens=java.prefs/java.util.prefs=ALL-UNNAMED --add-opens=java.prefs/java.util.prefs=ALL-UNNAMED --add-opens=java.base/java.nio.charset=ALL-UNNAMED --add-opens=java.base/java.net=ALL-UNNAMED --add-opens=java.base/java.util.concurrent.atomic=ALL-UNNAMED -Xmx2048m -Dfile.encoding=UTF-8 -Duser.country=SV -Duser.language=es -Duser.variant org.gradle.launcher.daemon.bootstrap.GradleDaemon 7.0.2

Host: AMD E1-2100 APU with Radeon(TM) HD Graphics    , 2 cores, 3G,  Windows 10 , 64 bit Build 19041 (10.0.19041.1202)
Time: Wed Sep 29 19:06:50 2021 Hora estándar, América Central elapsed time: 18247.727386 seconds (0d 5h 4m 7s)

---------------  T H R E A D  ---------------

Current thread (0x0000023a6efd2000):  JavaThread "C2 CompilerThread0" daemon [_thread_in_native, id=1040, stack(0x000000755d800000,0x000000755d900000)]


Current CompileTask:
C2:18247727 36111       4       com.sun.tools.javac.comp.Resolve::rawInstantiate (508 bytes)

Stack: [0x000000755d800000,0x000000755d900000]
Native frames: (J=compiled Java code, j=interpreted, Vv=VM code, C=native code)
V  [jvm.dll+0x5ecfaa]
V  [jvm.dll+0x722bd5]
V  [jvm.dll+0x72412d]
V  [jvm.dll+0x7247e3]
V  [jvm.dll+0x242928]
V  [jvm.dll+0xbc4fc]
V  [jvm.dll+0xbca0c]
V  [jvm.dll+0x352d7d]
V  [jvm.dll+0x320ad3]
V  [jvm.dll+0x31ffca]
V  [jvm.dll+0x1fb602]
V  [jvm.dll+0x1fa7f4]
V  [jvm.dll+0x18354c]
V  [jvm.dll+0x208ee7]
V  [jvm.dll+0x207731]
V  [jvm.dll+0x6eb1cf]
V  [jvm.dll+0x6e3d45]
V  [jvm.dll+0x5ebe96]
C  [ucrtbase.dll+0x21bb2]
C  [KERNEL32.DLL+0x17034]
C  [ntdll.dll+0x52651]


---------------  P R O C E S S  ---------------

Threads class SMR info:
_java_thread_list=0x0000023a7bd69bd0, length=43, elements={
0x0000023a5489d800, 0x0000023a6ef69800, 0x0000023a6ef6d800, 0x0000023a6efcc800,
0x0000023a6efce800, 0x0000023a6efd0000, 0x0000023a6efd2000, 0x0000023a6f150800,
0x0000023a6f165000, 0x0000023a6f24e800, 0x0000023a70b18800, 0x0000023a724d0800,
0x0000023a71625800, 0x0000023a7162a000, 0x0000023a7162a800, 0x0000023a7162b800,
0x0000023a71f4d800, 0x0000023a71f4a000, 0x0000023a71f49800, 0x0000023a71f4e000,
0x0000023a71f51800, 0x0000023a71f52000, 0x0000023a71f55800, 0x0000023a7ad16800,
0x0000023a77551000, 0x0000023a7754d000, 0x0000023a77547000, 0x0000023a7754d800,
0x0000023a77548000, 0x0000023a77549800, 0x0000023a7754a800, 0x0000023a77552000,
0x0000023a77552800, 0x0000023a77553800, 0x0000023a77554800, 0x0000023a77555000,
0x0000023a7754f800, 0x0000023a7ad19000, 0x0000023a7ad18800, 0x0000023a7ad14800,
0x0000023a7ad1b000, 0x0000023a7ad15000, 0x0000023a7ad1b800
}

Java Threads: ( => current thread )
  0x0000023a5489d800 JavaThread "main" [_thread_blocked, id=3324, stack(0x000000755cc00000,0x000000755cd00000)]
  0x0000023a6ef69800 JavaThread "Reference Handler" daemon [_thread_blocked, id=7132, stack(0x000000755d300000,0x000000755d400000)]
  0x0000023a6ef6d800 JavaThread "Finalizer" daemon [_thread_blocked, id=3688, stack(0x000000755d400000,0x000000755d500000)]
  0x0000023a6efcc800 JavaThread "Signal Dispatcher" daemon [_thread_blocked, id=6252, stack(0x000000755d500000,0x000000755d600000)]
  0x0000023a6efce800 JavaThread "Attach Listener" daemon [_thread_blocked, id=3412, stack(0x000000755d600000,0x000000755d700000)]
  0x0000023a6efd0000 JavaThread "Service Thread" daemon [_thread_blocked, id=2240, stack(0x000000755d700000,0x000000755d800000)]
=>0x0000023a6efd2000 JavaThread "C2 CompilerThread0" daemon [_thread_in_native, id=1040, stack(0x000000755d800000,0x000000755d900000)]
  0x0000023a6f150800 JavaThread "C1 CompilerThread0" daemon [_thread_blocked, id=4908, stack(0x000000755d900000,0x000000755da00000)]
  0x0000023a6f165000 JavaThread "Sweeper thread" daemon [_thread_blocked, id=3296, stack(0x000000755da00000,0x000000755db00000)]
  0x0000023a6f24e800 JavaThread "Common-Cleaner" daemon [_thread_blocked, id=3624, stack(0x000000755db00000,0x000000755dc00000)]
  0x0000023a70b18800 JavaThread "Daemon health stats" [_thread_blocked, id=7044, stack(0x000000755de00000,0x000000755df00000)]
  0x0000023a724d0800 JavaThread "Incoming local TCP Connector on port 51616" [_thread_in_native, id=7456, stack(0x000000755df00000,0x000000755e000000)]
  0x0000023a71625800 JavaThread "Daemon periodic checks" [_thread_blocked, id=5944, stack(0x000000755e000000,0x000000755e100000)]
  0x0000023a7162a000 JavaThread "Cache worker for file hash cache (C:\Users\HP14\.gradle\wrapper\dists\gradle-7.0.2\caches\7.0.2\fileHashes)" [_thread_blocked, id=6952, stack(0x000000755e800000,0x000000755e900000)]
  0x0000023a7162a800 JavaThread "File lock request listener" [_thread_in_native, id=2536, stack(0x000000755e900000,0x000000755ea00000)]
  0x0000023a7162b800 JavaThread "Cache worker for journal cache (C:\Users\HP14\.gradle\wrapper\dists\gradle-7.0.2\caches\journal-1)" [_thread_blocked, id=5292, stack(0x000000755ea00000,0x000000755eb00000)]
  0x0000023a71f4d800 JavaThread "File watcher server" daemon [_thread_in_native, id=2200, stack(0x000000755ec00000,0x000000755ed00000)]
  0x0000023a71f4a000 JavaThread "File watcher consumer" daemon [_thread_blocked, id=1168, stack(0x000000755ed00000,0x000000755ee00000)]
  0x0000023a71f49800 JavaThread "jar transforms" [_thread_blocked, id=6720, stack(0x000000755ee00000,0x000000755ef00000)]
  0x0000023a71f4e000 JavaThread "jar transforms Thread 2" [_thread_blocked, id=6132, stack(0x000000755ef00000,0x000000755f000000)]
  0x0000023a71f51800 JavaThread "Cache worker for execution history cache (C:\Users\HP14\.gradle\wrapper\dists\gradle-7.0.2\caches\7.0.2\executionHistory)" [_thread_blocked, id=5832, stack(0x000000755f500000,0x000000755f600000)]
  0x0000023a71f52000 JavaThread "Cache worker for file content cache (C:\Users\HP14\.gradle\wrapper\dists\gradle-7.0.2\caches\7.0.2\fileContent)" [_thread_blocked, id=3464, stack(0x000000755c900000,0x000000755ca00000)]
  0x0000023a71f55800 JavaThread "Memory manager" [_thread_blocked, id=2976, stack(0x000000755f000000,0x000000755f100000)]
  0x0000023a7ad16800 JavaThread "Cache worker for Java compile cache (C:\Users\HP14\.gradle\wrapper\dists\gradle-7.0.2\caches\7.0.2\javaCompile)" [_thread_blocked, id=7872, stack(0x000000755ff00000,0x0000007560000000)]
  0x0000023a77551000 JavaThread "ForkJoinPool.commonPool-worker-3" daemon [_thread_blocked, id=5248, stack(0x000000755fd00000,0x000000755fe00000)]
  0x0000023a7754d000 JavaThread "Daemon Thread 12" [_thread_blocked, id=8032, stack(0x000000755ca00000,0x000000755cb00000)]
  0x0000023a77547000 JavaThread "Handler for socket connection from /127.0.0.1:51616 to /127.0.0.1:57873" [_thread_in_native, id=116, stack(0x000000755cb00000,0x000000755cc00000)]
  0x0000023a7754d800 JavaThread "Cancel handler" [_thread_blocked, id=6672, stack(0x000000755e100000,0x000000755e200000)]
  0x0000023a77548000 JavaThread "Daemon worker Thread 12" [_thread_in_Java, id=960, stack(0x000000755e200000,0x000000755e300000)]
  0x0000023a77549800 JavaThread "Asynchronous log dispatcher for DefaultDaemonConnection: socket connection from /127.0.0.1:51616 to /127.0.0.1:57873" [_thread_blocked, id=1772, stack(0x000000755e300000,0x000000755e400000)]
  0x0000023a7754a800 JavaThread "Daemon client event forwarder" [_thread_blocked, id=5612, stack(0x000000755e500000,0x000000755e600000)]
  0x0000023a77552000 JavaThread "Cache worker for file hash cache (C:\Users\HP14\AndroidStudioProjects\Crud2\.gradle\7.0.2\fileHashes)" [_thread_blocked, id=6412, stack(0x000000755e600000,0x000000755e700000)]
  0x0000023a77552800 JavaThread "Cache worker for checksums cache (C:\Users\HP14\AndroidStudioProjects\Crud2\.gradle\checksums)" [_thread_blocked, id=6232, stack(0x000000755e700000,0x000000755e800000)]
  0x0000023a77553800 JavaThread "Cache worker for cache directory md-supplier (C:\Users\HP14\.gradle\wrapper\dists\gradle-7.0.2\caches\7.0.2\md-supplier)" [_thread_blocked, id=5304, stack(0x000000755eb00000,0x000000755ec00000)]
  0x0000023a77554800 JavaThread "Cache worker for cache directory md-rule (C:\Users\HP14\.gradle\wrapper\dists\gradle-7.0.2\caches\7.0.2\md-rule)" [_thread_blocked, id=5036, stack(0x000000755f100000,0x000000755f200000)]
  0x0000023a77555000 JavaThread "Cache worker for dependencies-accessors (C:\Users\HP14\AndroidStudioProjects\Crud2\.gradle\7.0.2\dependencies-accessors)" [_thread_blocked, id=6828, stack(0x000000755f200000,0x000000755f300000)]
  0x0000023a7754f800 JavaThread "Cache worker for Build Output Cleanup Cache (C:\Users\HP14\AndroidStudioProjects\Crud2\.gradle\buildOutputCleanup)" [_thread_blocked, id=5796, stack(0x000000755f300000,0x000000755f400000)]
  0x0000023a7ad19000 JavaThread "Build operations" [_thread_blocked, id=2172, stack(0x000000755f400000,0x000000755f500000)]
  0x0000023a7ad18800 JavaThread "Build operations Thread 2" [_thread_blocked, id=1828, stack(0x000000755f600000,0x000000755f700000)]
  0x0000023a7ad14800 JavaThread "build event listener" [_thread_blocked, id=7096, stack(0x000000755f800000,0x000000755f900000)]
  0x0000023a7ad1b000 JavaThread "Execution worker for ':'" [_thread_blocked, id=7484, stack(0x000000755f900000,0x000000755fa00000)]
  0x0000023a7ad15000 JavaThread "Cache worker for execution history cache (C:\Users\HP14\AndroidStudioProjects\Crud2\.gradle\7.0.2\executionHistory)" [_thread_blocked, id=2860, stack(0x000000755fa00000,0x000000755fb00000)]
  0x0000023a7ad1b800 JavaThread "Cache worker for Java compile cache (C:\Users\HP14\AndroidStudioProjects\Crud2\.gradle\7.0.2\javaCompile)" [_thread_blocked, id=6972, stack(0x000000755fb00000,0x000000755fc00000)]

Other Threads:
  0x0000023a6ef64000 VMThread "VM Thread" [stack: 0x000000755d200000,0x000000755d300000] [id=1372]
  0x0000023a6f2bc000 WatcherThread [stack: 0x000000755dc00000,0x000000755dd00000] [id=6760]
  0x0000023a548b3000 GCTaskThread "GC Thread#0" [stack: 0x000000755cd00000,0x000000755ce00000] [id=6764]
  0x0000023a6f3e7000 GCTaskThread "GC Thread#1" [stack: 0x000000755dd00000,0x000000755de00000] [id=7148]
  0x0000023a548e8800 ConcurrentGCThread "G1 Main Marker" [stack: 0x000000755ce00000,0x000000755cf00000] [id=5980]
  0x0000023a548e9800 ConcurrentGCThread "G1 Conc#0" [stack: 0x000000755cf00000,0x000000755d000000] [id=4792]
  0x0000023a54926000 ConcurrentGCThread "G1 Refine#0" [stack: 0x000000755d000000,0x000000755d100000] [id=824]
  0x0000023a70b07800 ConcurrentGCThread "G1 Refine#1" [stack: 0x000000755f700000,0x000000755f800000] [id=2824]
  0x0000023a54927000 ConcurrentGCThread "G1 Young RemSet Sampling" [stack: 0x000000755d100000,0x000000755d200000] [id=5952]

Threads with active compile tasks:
C2 CompilerThread018248716 36111       4       com.sun.tools.javac.comp.Resolve::rawInstantiate (508 bytes)

VM state:not at safepoint (normal execution)

VM Mutex/Monitor currently owned by a thread: None

Heap address: 0x0000000080000000, size: 2048 MB, Compressed Oops mode: 32-bit
Narrow klass base: 0x0000000000000000, Narrow klass shift: 3
Compressed class space size: 1073741824 Address: 0x0000000100000000

Heap:
 garbage-first heap   total 319488K, used 149977K [0x0000000080000000, 0x0000000100000000)
  region size 1024K, 19 young (19456K), 3 survivors (3072K)
 Metaspace       used 176487K, capacity 180960K, committed 181168K, reserved 1206272K
  class space    used 21759K, capacity 23440K, committed 23552K, reserved 1048576K
Heap Regions: E=young(eden), S=young(survivor), O=old, HS=humongous(starts), HC=humongous(continues), CS=collection set, F=free, A=archive, TAMS=top-at-mark-start (previous, next)
|   0|0x0000000080000000, 0x0000000080100000, 0x0000000080100000|100%| O|  |TAMS 0x0000000080100000, 0x0000000080000000| Untracked 
|   1|0x0000000080100000, 0x0000000080200000, 0x0000000080200000|100%| O|  |TAMS 0x0000000080200000, 0x0000000080100000| Complete 
|   2|0x0000000080200000, 0x0000000080300000, 0x0000000080300000|100%| O|  |TAMS 0x0000000080300000, 0x0000000080200000| Untracked 
|   3|0x0000000080300000, 0x0000000080400000, 0x0000000080400000|100%| O|  |TAMS 0x0000000080400000, 0x0000000080300000| Complete 
|   4|0x0000000080400000, 0x0000000080500000, 0x0000000080500000|100%|HS|  |TAMS 0x0000000080500000, 0x0000000080400000| Complete 
|   5|0x0000000080500000, 0x0000000080600000, 0x0000000080600000|100%|HC|  |TAMS 0x0000000080600000, 0x0000000080500000| Complete 
|   6|0x0000000080600000, 0x0000000080700000, 0x0000000080700000|100%|HC|  |TAMS 0x0000000080700000, 0x0000000080600000| Complete 
|   7|0x0000000080700000, 0x0000000080800000, 0x0000000080800000|100%| O|  |TAMS 0x0000000080800000, 0x0000000080700000| Complete 
|   8|0x0000000080800000, 0x0000000080900000, 0x0000000080900000|100%| O|  |TAMS 0x0000000080900000, 0x0000000080800000| Complete 
|   9|0x0000000080900000, 0x0000000080a00000, 0x0000000080a00000|100%| O|  |TAMS 0x0000000080a00000, 0x0000000080900000| Complete 
|  10|0x0000000080a00000, 0x0000000080b00000, 0x0000000080b00000|100%| O|  |TAMS 0x0000000080b00000, 0x0000000080a00000| Untracked 
|  11|0x0000000080b00000, 0x0000000080c00000, 0x0000000080c00000|100%| O|  |TAMS 0x0000000080c00000, 0x0000000080b00000| Untracked 
|  12|0x0000000080c00000, 0x0000000080d00000, 0x0000000080d00000|100%| O|  |TAMS 0x0000000080d00000, 0x0000000080c00000| Untracked 
|  13|0x0000000080d00000, 0x0000000080e00000, 0x0000000080e00000|100%| O|  |TAMS 0x0000000080e00000, 0x0000000080d00000| Untracked 
|  14|0x0000000080e00000, 0x0000000080f00000, 0x0000000080f00000|100%| O|  |TAMS 0x0000000080f00000, 0x0000000080e00000| Untracked 
|  15|0x0000000080f00000, 0x0000000081000000, 0x0000000081000000|100%| O|  |TAMS 0x0000000081000000, 0x0000000080f00000| Complete 
|  16|0x0000000081000000, 0x0000000081100000, 0x0000000081100000|100%| O|  |TAMS 0x0000000081100000, 0x0000000081000000| Complete 
|  17|0x0000000081100000, 0x0000000081200000, 0x0000000081200000|100%|HS|  |TAMS 0x0000000081200000, 0x0000000081100000| Complete 
|  18|0x0000000081200000, 0x0000000081300000, 0x0000000081300000|100%|HC|  |TAMS 0x0000000081300000, 0x0000000081200000| Complete 
|  19|0x0000000081300000, 0x0000000081400000, 0x0000000081400000|100%|HS|  |TAMS 0x0000000081400000, 0x0000000081300000| Complete 
|  20|0x0000000081400000, 0x0000000081500000, 0x0000000081500000|100%|HC|  |TAMS 0x0000000081500000, 0x0000000081400000| Complete 
|  21|0x0000000081500000, 0x0000000081600000, 0x0000000081600000|100%|HC|  |TAMS 0x0000000081600000, 0x0000000081500000| Complete 
|  22|0x0000000081600000, 0x0000000081700000, 0x0000000081700000|100%| O|  |TAMS 0x0000000081700000, 0x0000000081600000| Complete 
|  23|0x0000000081700000, 0x0000000081800000, 0x0000000081800000|100%| O|  |TAMS 0x0000000081800000, 0x0000000081700000| Complete 
|  24|0x0000000081800000, 0x0000000081900000, 0x0000000081900000|100%|HS|  |TAMS 0x0000000081900000, 0x0000000081800000| Complete 
|  25|0x0000000081900000, 0x0000000081a00000, 0x0000000081a00000|100%|HC|  |TAMS 0x0000000081a00000, 0x0000000081900000| Complete 
|  26|0x0000000081a00000, 0x0000000081b00000, 0x0000000081b00000|100%|HC|  |TAMS 0x0000000081b00000, 0x0000000081a00000| Complete 
|  27|0x0000000081b00000, 0x0000000081c00000, 0x0000000081c00000|100%|HC|  |TAMS 0x0000000081c00000, 0x0000000081b00000| Complete 
|  28|0x0000000081c00000, 0x0000000081d00000, 0x0000000081d00000|100%|HC|  |TAMS 0x0000000081d00000, 0x0000000081c00000| Complete 
|  29|0x0000000081d00000, 0x0000000081e00000, 0x0000000081e00000|100%| O|  |TAMS 0x0000000081e00000, 0x0000000081d00000| Untracked 
|  30|0x0000000081e00000, 0x0000000081f00000, 0x0000000081f00000|100%| O|  |TAMS 0x0000000081f00000, 0x0000000081e00000| Complete 
|  31|0x0000000081f00000, 0x0000000082000000, 0x0000000082000000|100%| O|  |TAMS 0x0000000082000000, 0x0000000081f00000| Untracked 
|  32|0x0000000082000000, 0x0000000082100000, 0x0000000082100000|100%| O|  |TAMS 0x0000000082100000, 0x0000000082000000| Complete 
|  33|0x0000000082100000, 0x0000000082200000, 0x0000000082200000|100%| O|  |TAMS 0x0000000082200000, 0x0000000082100000| Complete 
|  34|0x0000000082200000, 0x0000000082300000, 0x0000000082300000|100%| O|  |TAMS 0x0000000082300000, 0x0000000082200000| Complete 
|  35|0x0000000082300000, 0x0000000082400000, 0x0000000082400000|100%| O|  |TAMS 0x0000000082400000, 0x0000000082300000| Complete 
|  36|0x0000000082400000, 0x0000000082500000, 0x0000000082500000|100%| O|  |TAMS 0x0000000082500000, 0x0000000082400000| Untracked 
|  37|0x0000000082500000, 0x0000000082600000, 0x0000000082600000|100%| O|  |TAMS 0x0000000082600000, 0x0000000082500000| Untracked 
|  38|0x0000000082600000, 0x0000000082700000, 0x0000000082700000|100%| O|  |TAMS 0x0000000082700000, 0x0000000082600000| Complete 
|  39|0x0000000082700000, 0x0000000082800000, 0x0000000082800000|100%|HS|  |TAMS 0x0000000082800000, 0x0000000082700000| Complete 
|  40|0x0000000082800000, 0x0000000082900000, 0x0000000082900000|100%| O|  |TAMS 0x0000000082900000, 0x0000000082800000| Complete 
|  41|0x0000000082900000, 0x0000000082a00000, 0x0000000082a00000|100%| O|  |TAMS 0x0000000082a00000, 0x0000000082900000| Complete 
|  42|0x0000000082a00000, 0x0000000082b00000, 0x0000000082b00000|100%| O|  |TAMS 0x0000000082b00000, 0x0000000082a00000| Untracked 
|  43|0x0000000082b00000, 0x0000000082c00000, 0x0000000082c00000|100%| O|  |TAMS 0x0000000082c00000, 0x0000000082b00000| Complete 
|  44|0x0000000082c00000, 0x0000000082d00000, 0x0000000082d00000|100%| O|  |TAMS 0x0000000082d00000, 0x0000000082c00000| Complete 
|  45|0x0000000082d00000, 0x0000000082e00000, 0x0000000082e00000|100%| O|  |TAMS 0x0000000082e00000, 0x0000000082d00000| Untracked 
|  46|0x0000000082e00000, 0x0000000082f00000, 0x0000000082f00000|100%| O|  |TAMS 0x0000000082f00000, 0x0000000082e00000| Complete 
|  47|0x0000000082f00000, 0x0000000083000000, 0x0000000083000000|100%| O|  |TAMS 0x0000000083000000, 0x0000000082f00000| Complete 
|  48|0x0000000083000000, 0x0000000083100000, 0x0000000083100000|100%| O|  |TAMS 0x0000000083100000, 0x0000000083000000| Untracked 
|  49|0x0000000083100000, 0x0000000083200000, 0x0000000083200000|100%| O|  |TAMS 0x0000000083200000, 0x0000000083100000| Complete 
|  50|0x0000000083200000, 0x0000000083300000, 0x0000000083300000|100%| O|  |TAMS 0x0000000083300000, 0x0000000083200000| Complete 
|  51|0x0000000083300000, 0x0000000083400000, 0x0000000083400000|100%| O|  |TAMS 0x0000000083400000, 0x0000000083300000| Complete 
|  52|0x0000000083400000, 0x0000000083500000, 0x0000000083500000|100%| O|  |TAMS 0x0000000083500000, 0x0000000083400000| Untracked 
|  53|0x0000000083500000, 0x0000000083600000, 0x0000000083600000|100%| O|  |TAMS 0x0000000083600000, 0x0000000083500000| Complete 
|  54|0x0000000083600000, 0x0000000083700000, 0x0000000083700000|100%| O|  |TAMS 0x0000000083700000, 0x0000000083600000| Untracked 
|  55|0x0000000083700000, 0x0000000083800000, 0x0000000083800000|100%| O|  |TAMS 0x0000000083800000, 0x0000000083700000| Complete 
|  56|0x0000000083800000, 0x0000000083900000, 0x0000000083900000|100%| O|  |TAMS 0x0000000083900000, 0x0000000083800000| Complete 
|  57|0x0000000083900000, 0x0000000083a00000, 0x0000000083a00000|100%| O|  |TAMS 0x0000000083a00000, 0x0000000083900000| Untracked 
|  58|0x0000000083a00000, 0x0000000083b00000, 0x0000000083b00000|100%| O|  |TAMS 0x0000000083b00000, 0x0000000083a00000| Untracked 
|  59|0x0000000083b00000, 0x0000000083c00000, 0x0000000083c00000|100%| O|  |TAMS 0x0000000083c00000, 0x0000000083b00000| Untracked 
|  60|0x0000000083c00000, 0x0000000083d00000, 0x0000000083d00000|100%| O|  |TAMS 0x0000000083d00000, 0x0000000083c00000| Untracked 
|  61|0x0000000083d00000, 0x0000000083e00000, 0x0000000083e00000|100%| O|  |TAMS 0x0000000083e00000, 0x0000000083d00000| Untracked 
|  62|0x0000000083e00000, 0x0000000083f00000, 0x0000000083f00000|100%| O|  |TAMS 0x0000000083f00000, 0x0000000083e00000| Untracked 
|  63|0x0000000083f00000, 0x0000000084000000, 0x0000000084000000|100%| O|  |TAMS 0x0000000084000000, 0x0000000083f00000| Untracked 
|  64|0x0000000084000000, 0x0000000084100000, 0x0000000084100000|100%|HS|  |TAMS 0x0000000084100000, 0x0000000084000000| Complete 
|  65|0x0000000084100000, 0x0000000084200000, 0x0000000084200000|100%| O|  |TAMS 0x0000000084200000, 0x0000000084100000| Complete 
|  66|0x0000000084200000, 0x0000000084300000, 0x0000000084300000|100%| O|  |TAMS 0x0000000084300000, 0x0000000084200000| Complete 
|  67|0x0000000084300000, 0x0000000084400000, 0x0000000084400000|100%|HS|  |TAMS 0x0000000084400000, 0x0000000084300000| Complete 
|  68|0x0000000084400000, 0x0000000084500000, 0x0000000084500000|100%|HS|  |TAMS 0x0000000084500000, 0x0000000084400000| Complete 
|  69|0x0000000084500000, 0x0000000084600000, 0x0000000084600000|100%|HC|  |TAMS 0x0000000084600000, 0x0000000084500000| Complete 
|  70|0x0000000084600000, 0x0000000084700000, 0x0000000084700000|100%| O|  |TAMS 0x0000000084700000, 0x0000000084600000| Untracked 
|  71|0x0000000084700000, 0x0000000084800000, 0x0000000084800000|100%| O|  |TAMS 0x0000000084800000, 0x0000000084700000| Untracked 
|  72|0x0000000084800000, 0x0000000084900000, 0x0000000084900000|100%| O|  |TAMS 0x0000000084900000, 0x0000000084800000| Untracked 
|  73|0x0000000084900000, 0x0000000084a00000, 0x0000000084a00000|100%| O|  |TAMS 0x0000000084a00000, 0x0000000084900000| Complete 
|  74|0x0000000084a00000, 0x0000000084b00000, 0x0000000084b00000|100%| O|  |TAMS 0x0000000084b00000, 0x0000000084a00000| Complete 
|  75|0x0000000084b00000, 0x0000000084c00000, 0x0000000084c00000|100%| O|  |TAMS 0x0000000084c00000, 0x0000000084b00000| Untracked 
|  76|0x0000000084c00000, 0x0000000084d00000, 0x0000000084d00000|100%| O|  |TAMS 0x0000000084d00000, 0x0000000084c00000| Complete 
|  77|0x0000000084d00000, 0x0000000084e00000, 0x0000000084e00000|100%| O|  |TAMS 0x0000000084e00000, 0x0000000084d00000| Complete 
|  78|0x0000000084e00000, 0x0000000084f00000, 0x0000000084f00000|100%| O|  |TAMS 0x0000000084f00000, 0x0000000084e00000| Untracked 
|  79|0x0000000084f00000, 0x0000000085000000, 0x0000000085000000|100%| O|  |TAMS 0x0000000085000000, 0x0000000084f00000| Untracked 
|  80|0x0000000085000000, 0x0000000085100000, 0x0000000085100000|100%| O|  |TAMS 0x0000000085100000, 0x0000000085000000| Complete 
|  81|0x0000000085100000, 0x0000000085200000, 0x0000000085200000|100%| O|  |TAMS 0x0000000085200000, 0x0000000085100000| Complete 
|  82|0x0000000085200000, 0x0000000085300000, 0x0000000085300000|100%| O|  |TAMS 0x0000000085300000, 0x0000000085200000| Complete 
|  83|0x0000000085300000, 0x0000000085400000, 0x0000000085400000|100%| O|  |TAMS 0x0000000085400000, 0x0000000085300000| Complete 
|  84|0x0000000085400000, 0x0000000085500000, 0x0000000085500000|100%| O|  |TAMS 0x0000000085500000, 0x0000000085400000| Complete 
|  85|0x0000000085500000, 0x0000000085600000, 0x0000000085600000|100%| O|  |TAMS 0x0000000085600000, 0x0000000085500000| Untracked 
|  86|0x0000000085600000, 0x0000000085700000, 0x0000000085700000|100%| O|  |TAMS 0x0000000085700000, 0x0000000085600000| Complete 
|  87|0x0000000085700000, 0x0000000085800000, 0x0000000085800000|100%| O|  |TAMS 0x0000000085800000, 0x0000000085700000| Complete 
|  88|0x0000000085800000, 0x0000000085900000, 0x0000000085900000|100%| O|  |TAMS 0x0000000085900000, 0x0000000085800000| Untracked 
|  89|0x0000000085900000, 0x0000000085a00000, 0x0000000085a00000|100%| O|  |TAMS 0x0000000085a00000, 0x0000000085900000| Untracked 
|  90|0x0000000085a00000, 0x0000000085b00000, 0x0000000085b00000|100%| O|  |TAMS 0x0000000085b00000, 0x0000000085a00000| Complete 
|  91|0x0000000085b00000, 0x0000000085c00000, 0x0000000085c00000|100%| O|  |TAMS 0x0000000085c00000, 0x0000000085b00000| Untracked 
|  92|0x0000000085c00000, 0x0000000085d00000, 0x0000000085d00000|100%| O|  |TAMS 0x0000000085d00000, 0x0000000085c00000| Complete 
|  93|0x0000000085d00000, 0x0000000085e00000, 0x0000000085e00000|100%| O|  |TAMS 0x0000000085e00000, 0x0000000085d00000| Untracked 
|  94|0x0000000085e00000, 0x0000000085f00000, 0x0000000085f00000|100%| O|  |TAMS 0x0000000085f00000, 0x0000000085e00000| Complete 
|  95|0x0000000085f00000, 0x0000000086000000, 0x0000000086000000|100%| O|  |TAMS 0x0000000086000000, 0x0000000085f00000| Complete 
|  96|0x0000000086000000, 0x0000000086100000, 0x0000000086100000|100%| O|  |TAMS 0x0000000086100000, 0x0000000086000000| Complete 
|  97|0x0000000086100000, 0x0000000086200000, 0x0000000086200000|100%| O|  |TAMS 0x0000000086200000, 0x0000000086100000| Untracked 
|  98|0x0000000086200000, 0x0000000086300000, 0x0000000086300000|100%| O|  |TAMS 0x0000000086300000, 0x0000000086200000| Untracked 
|  99|0x0000000086300000, 0x0000000086400000, 0x0000000086400000|100%| O|  |TAMS 0x0000000086400000, 0x0000000086300000| Complete 
| 100|0x0000000086400000, 0x0000000086500000, 0x0000000086500000|100%| O|  |TAMS 0x0000000086500000, 0x0000000086400000| Complete 
| 101|0x0000000086500000, 0x0000000086600000, 0x0000000086600000|100%| O|  |TAMS 0x0000000086600000, 0x0000000086500000| Complete 
| 102|0x0000000086600000, 0x0000000086700000, 0x0000000086700000|100%| O|  |TAMS 0x0000000086700000, 0x0000000086600000| Complete 
| 103|0x0000000086700000, 0x0000000086800000, 0x0000000086800000|100%| O|  |TAMS 0x0000000086800000, 0x0000000086700000| Complete 
| 104|0x0000000086800000, 0x0000000086876600, 0x0000000086900000| 46%| O|  |TAMS 0x0000000086876600, 0x0000000086800000| Untracked 
| 105|0x0000000086900000, 0x0000000086900000, 0x0000000086a00000|  0%| F|  |TAMS 0x0000000086900000, 0x0000000086900000| Untracked 
| 106|0x0000000086a00000, 0x0000000086a00000, 0x0000000086b00000|  0%| F|  |TAMS 0x0000000086a00000, 0x0000000086a00000| Untracked 
| 107|0x0000000086b00000, 0x0000000086c00000, 0x0000000086c00000|100%| O|  |TAMS 0x0000000086c00000, 0x0000000086b00000| Untracked 
| 108|0x0000000086c00000, 0x0000000086d00000, 0x0000000086d00000|100%| O|  |TAMS 0x0000000086d00000, 0x0000000086c00000| Untracked 
| 109|0x0000000086d00000, 0x0000000086d00000, 0x0000000086e00000|  0%| F|  |TAMS 0x0000000086d00000, 0x0000000086d00000| Untracked 
| 110|0x0000000086e00000, 0x0000000086f00000, 0x0000000086f00000|100%| O|  |TAMS 0x0000000086f00000, 0x0000000086e00000| Complete 
| 111|0x0000000086f00000, 0x0000000087000000, 0x0000000087000000|100%| O|  |TAMS 0x0000000087000000, 0x0000000086f00000| Complete 
| 112|0x0000000087000000, 0x0000000087100000, 0x0000000087100000|100%| O|  |TAMS 0x0000000087100000, 0x0000000087000000| Complete 
| 113|0x0000000087100000, 0x0000000087100000, 0x0000000087200000|  0%| F|  |TAMS 0x0000000087100000, 0x0000000087100000| Untracked 
| 114|0x0000000087200000, 0x0000000087300000, 0x0000000087300000|100%| O|  |TAMS 0x0000000087300000, 0x0000000087200000| Untracked 
| 115|0x0000000087300000, 0x0000000087400000, 0x0000000087400000|100%| O|  |TAMS 0x0000000087400000, 0x0000000087300000| Untracked 
| 116|0x0000000087400000, 0x0000000087400000, 0x0000000087500000|  0%| F|  |TAMS 0x0000000087400000, 0x0000000087400000| Untracked 
| 117|0x0000000087500000, 0x0000000087600000, 0x0000000087600000|100%| O|  |TAMS 0x0000000087600000, 0x0000000087500000| Complete 
| 118|0x0000000087600000, 0x0000000087700000, 0x0000000087700000|100%| O|  |TAMS 0x0000000087700000, 0x0000000087600000| Complete 
| 119|0x0000000087700000, 0x0000000087700000, 0x0000000087800000|  0%| F|  |TAMS 0x0000000087700000, 0x0000000087700000| Untracked 
| 120|0x0000000087800000, 0x0000000087800000, 0x0000000087900000|  0%| F|  |TAMS 0x0000000087800000, 0x0000000087800000| Untracked 
| 121|0x0000000087900000, 0x0000000087a00000, 0x0000000087a00000|100%| O|  |TAMS 0x0000000087a00000, 0x0000000087900000| Untracked 
| 122|0x0000000087a00000, 0x0000000087b00000, 0x0000000087b00000|100%| O|  |TAMS 0x0000000087b00000, 0x0000000087a00000| Complete 
| 123|0x0000000087b00000, 0x0000000087c00000, 0x0000000087c00000|100%|HS|  |TAMS 0x0000000087c00000, 0x0000000087b00000| Complete 
| 124|0x0000000087c00000, 0x0000000087d00000, 0x0000000087d00000|100%|HC|  |TAMS 0x0000000087d00000, 0x0000000087c00000| Complete 
| 125|0x0000000087d00000, 0x0000000087e00000, 0x0000000087e00000|100%| O|  |TAMS 0x0000000087e00000, 0x0000000087d00000| Complete 
| 126|0x0000000087e00000, 0x0000000087f00000, 0x0000000087f00000|100%| O|  |TAMS 0x0000000087f00000, 0x0000000087e00000| Untracked 
| 127|0x0000000087f00000, 0x0000000088000000, 0x0000000088000000|100%| O|  |TAMS 0x0000000088000000, 0x0000000087f00000| Complete 
| 128|0x0000000088000000, 0x0000000088100000, 0x0000000088100000|100%| O|  |TAMS 0x0000000088100000, 0x0000000088000000| Untracked 
| 129|0x0000000088100000, 0x0000000088200000, 0x0000000088200000|100%| O|  |TAMS 0x0000000088200000, 0x0000000088100000| Complete 
| 130|0x0000000088200000, 0x0000000088300000, 0x0000000088300000|100%| O|  |TAMS 0x0000000088300000, 0x0000000088200000| Complete 
| 131|0x0000000088300000, 0x0000000088400000, 0x0000000088400000|100%| O|  |TAMS 0x0000000088400000, 0x0000000088300000| Untracked 
| 132|0x0000000088400000, 0x0000000088400000, 0x0000000088500000|  0%| F|  |TAMS 0x0000000088400000, 0x0000000088400000| Untracked 
| 133|0x0000000088500000, 0x0000000088600000, 0x0000000088600000|100%| O|  |TAMS 0x0000000088600000, 0x0000000088500000| Complete 
| 134|0x0000000088600000, 0x0000000088700000, 0x0000000088700000|100%| O|  |TAMS 0x0000000088700000, 0x0000000088600000| Complete 
| 135|0x0000000088700000, 0x0000000088700000, 0x0000000088800000|  0%| F|  |TAMS 0x0000000088700000, 0x0000000088700000| Untracked 
| 136|0x0000000088800000, 0x0000000088800000, 0x0000000088900000|  0%| F|  |TAMS 0x0000000088800000, 0x0000000088800000| Untracked 
| 137|0x0000000088900000, 0x0000000088900000, 0x0000000088a00000|  0%| F|  |TAMS 0x0000000088900000, 0x0000000088900000| Untracked 
| 138|0x0000000088a00000, 0x0000000088a00000, 0x0000000088b00000|  0%| F|  |TAMS 0x0000000088a00000, 0x0000000088a00000| Untracked 
| 139|0x0000000088b00000, 0x0000000088b00000, 0x0000000088c00000|  0%| F|  |TAMS 0x0000000088b00000, 0x0000000088b00000| Untracked 
| 140|0x0000000088c00000, 0x0000000088c00000, 0x0000000088d00000|  0%| F|  |TAMS 0x0000000088c00000, 0x0000000088c00000| Untracked 
| 141|0x0000000088d00000, 0x0000000088d00000, 0x0000000088e00000|  0%| F|  |TAMS 0x0000000088d00000, 0x0000000088d00000| Untracked 
| 142|0x0000000088e00000, 0x0000000088e00000, 0x0000000088f00000|  0%| F|  |TAMS 0x0000000088e00000, 0x0000000088e00000| Untracked 
| 143|0x0000000088f00000, 0x0000000088f00000, 0x0000000089000000|  0%| F|  |TAMS 0x0000000088f00000, 0x0000000088f00000| Untracked 
| 144|0x0000000089000000, 0x0000000089000000, 0x0000000089100000|  0%| F|  |TAMS 0x0000000089000000, 0x0000000089000000| Untracked 
| 145|0x0000000089100000, 0x0000000089100000, 0x0000000089200000|  0%| F|  |TAMS 0x0000000089100000, 0x0000000089100000| Untracked 
| 146|0x0000000089200000, 0x0000000089200000, 0x0000000089300000|  0%| F|  |TAMS 0x0000000089200000, 0x0000000089200000| Untracked 
| 147|0x0000000089300000, 0x0000000089300000, 0x0000000089400000|  0%| F|  |TAMS 0x0000000089300000, 0x0000000089300000| Untracked 
| 148|0x0000000089400000, 0x0000000089400000, 0x0000000089500000|  0%| F|  |TAMS 0x0000000089400000, 0x0000000089400000| Untracked 
| 149|0x0000000089500000, 0x0000000089500000, 0x0000000089600000|  0%| F|  |TAMS 0x0000000089500000, 0x0000000089500000| Untracked 
| 150|0x0000000089600000, 0x0000000089600000, 0x0000000089700000|  0%| F|  |TAMS 0x0000000089600000, 0x0000000089600000| Untracked 
| 151|0x0000000089700000, 0x0000000089700000, 0x0000000089800000|  0%| F|  |TAMS 0x0000000089700000, 0x0000000089700000| Untracked 
| 152|0x0000000089800000, 0x0000000089800000, 0x0000000089900000|  0%| F|  |TAMS 0x0000000089800000, 0x0000000089800000| Untracked 
| 153|0x0000000089900000, 0x0000000089900000, 0x0000000089a00000|  0%| F|  |TAMS 0x0000000089900000, 0x0000000089900000| Untracked 
| 154|0x0000000089a00000, 0x0000000089a00000, 0x0000000089b00000|  0%| F|  |TAMS 0x0000000089a00000, 0x0000000089a00000| Untracked 
| 155|0x0000000089b00000, 0x0000000089b00000, 0x0000000089c00000|  0%| F|  |TAMS 0x0000000089b00000, 0x0000000089b00000| Untracked 
| 156|0x0000000089c00000, 0x0000000089c00000, 0x0000000089d00000|  0%| F|  |TAMS 0x0000000089c00000, 0x0000000089c00000| Untracked 
| 157|0x0000000089d00000, 0x0000000089d00000, 0x0000000089e00000|  0%| F|  |TAMS 0x0000000089d00000, 0x0000000089d00000| Untracked 
| 158|0x0000000089e00000, 0x0000000089e00000, 0x0000000089f00000|  0%| F|  |TAMS 0x0000000089e00000, 0x0000000089e00000| Untracked 
| 159|0x0000000089f00000, 0x0000000089f00000, 0x000000008a000000|  0%| F|  |TAMS 0x0000000089f00000, 0x0000000089f00000| Untracked 
| 160|0x000000008a000000, 0x000000008a000000, 0x000000008a100000|  0%| F|  |TAMS 0x000000008a000000, 0x000000008a000000| Untracked 
| 161|0x000000008a100000, 0x000000008a100000, 0x000000008a200000|  0%| F|  |TAMS 0x000000008a100000, 0x000000008a100000| Untracked 
| 162|0x000000008a200000, 0x000000008a200000, 0x000000008a300000|  0%| F|  |TAMS 0x000000008a200000, 0x000000008a200000| Untracked 
| 163|0x000000008a300000, 0x000000008a300000, 0x000000008a400000|  0%| F|  |TAMS 0x000000008a300000, 0x000000008a300000| Untracked 
| 164|0x000000008a400000, 0x000000008a400000, 0x000000008a500000|  0%| F|  |TAMS 0x000000008a400000, 0x000000008a400000| Untracked 
| 165|0x000000008a500000, 0x000000008a500000, 0x000000008a600000|  0%| F|  |TAMS 0x000000008a500000, 0x000000008a500000| Untracked 
| 166|0x000000008a600000, 0x000000008a600000, 0x000000008a700000|  0%| F|  |TAMS 0x000000008a600000, 0x000000008a600000| Untracked 
| 167|0x000000008a700000, 0x000000008a700000, 0x000000008a800000|  0%| F|  |TAMS 0x000000008a700000, 0x000000008a700000| Untracked 
| 168|0x000000008a800000, 0x000000008a800000, 0x000000008a900000|  0%| F|  |TAMS 0x000000008a800000, 0x000000008a800000| Untracked 
| 169|0x000000008a900000, 0x000000008a900000, 0x000000008aa00000|  0%| F|  |TAMS 0x000000008a900000, 0x000000008a900000| Untracked 
| 170|0x000000008aa00000, 0x000000008aa00000, 0x000000008ab00000|  0%| F|  |TAMS 0x000000008aa00000, 0x000000008aa00000| Untracked 
| 171|0x000000008ab00000, 0x000000008ab00000, 0x000000008ac00000|  0%| F|  |TAMS 0x000000008ab00000, 0x000000008ab00000| Untracked 
| 172|0x000000008ac00000, 0x000000008ac00000, 0x000000008ad00000|  0%| F|  |TAMS 0x000000008ac00000, 0x000000008ac00000| Untracked 
| 173|0x000000008ad00000, 0x000000008ae00000, 0x000000008ae00000|100%| O|  |TAMS 0x000000008ae00000, 0x000000008ad00000| Complete 
| 174|0x000000008ae00000, 0x000000008ae00000, 0x000000008af00000|  0%| F|  |TAMS 0x000000008ae00000, 0x000000008ae00000| Untracked 
| 175|0x000000008af00000, 0x000000008af00000, 0x000000008b000000|  0%| F|  |TAMS 0x000000008af00000, 0x000000008af00000| Untracked 
| 176|0x000000008b000000, 0x000000008b100000, 0x000000008b100000|100%| O|  |TAMS 0x000000008b100000, 0x000000008b000000| Complete 
| 177|0x000000008b100000, 0x000000008b100000, 0x000000008b200000|  0%| F|  |TAMS 0x000000008b100000, 0x000000008b100000| Untracked 
| 178|0x000000008b200000, 0x000000008b200000, 0x000000008b300000|  0%| F|  |TAMS 0x000000008b200000, 0x000000008b200000| Untracked 
| 179|0x000000008b300000, 0x000000008b300000, 0x000000008b400000|  0%| F|  |TAMS 0x000000008b300000, 0x000000008b300000| Untracked 
| 180|0x000000008b400000, 0x000000008b400000, 0x000000008b500000|  0%| F|  |TAMS 0x000000008b400000, 0x000000008b400000| Untracked 
| 181|0x000000008b500000, 0x000000008b500000, 0x000000008b600000|  0%| F|  |TAMS 0x000000008b500000, 0x000000008b500000| Untracked 
| 182|0x000000008b600000, 0x000000008b600000, 0x000000008b700000|  0%| F|  |TAMS 0x000000008b600000, 0x000000008b600000| Untracked 
| 183|0x000000008b700000, 0x000000008b700000, 0x000000008b800000|  0%| F|  |TAMS 0x000000008b700000, 0x000000008b700000| Untracked 
| 184|0x000000008b800000, 0x000000008b800000, 0x000000008b900000|  0%| F|  |TAMS 0x000000008b800000, 0x000000008b800000| Untracked 
| 185|0x000000008b900000, 0x000000008b900000, 0x000000008ba00000|  0%| F|  |TAMS 0x000000008b900000, 0x000000008b900000| Untracked 
| 186|0x000000008ba00000, 0x000000008ba00000, 0x000000008bb00000|  0%| F|  |TAMS 0x000000008ba00000, 0x000000008ba00000| Untracked 
| 187|0x000000008bb00000, 0x000000008bb00000, 0x000000008bc00000|  0%| F|  |TAMS 0x000000008bb00000, 0x000000008bb00000| Untracked 
| 188|0x000000008bc00000, 0x000000008bc00000, 0x000000008bd00000|  0%| F|  |TAMS 0x000000008bc00000, 0x000000008bc00000| Untracked 
| 189|0x000000008bd00000, 0x000000008bd00000, 0x000000008be00000|  0%| F|  |TAMS 0x000000008bd00000, 0x000000008bd00000| Untracked 
| 190|0x000000008be00000, 0x000000008be00000, 0x000000008bf00000|  0%| F|  |TAMS 0x000000008be00000, 0x000000008be00000| Untracked 
| 191|0x000000008bf00000, 0x000000008bf00000, 0x000000008c000000|  0%| F|  |TAMS 0x000000008bf00000, 0x000000008bf00000| Untracked 
| 192|0x000000008c000000, 0x000000008c000000, 0x000000008c100000|  0%| F|  |TAMS 0x000000008c000000, 0x000000008c000000| Untracked 
| 193|0x000000008c100000, 0x000000008c100000, 0x000000008c200000|  0%| F|  |TAMS 0x000000008c100000, 0x000000008c100000| Untracked 
| 194|0x000000008c200000, 0x000000008c200000, 0x000000008c300000|  0%| F|  |TAMS 0x000000008c200000, 0x000000008c200000| Untracked 
| 195|0x000000008c300000, 0x000000008c300000, 0x000000008c400000|  0%| F|  |TAMS 0x000000008c300000, 0x000000008c300000| Untracked 
| 196|0x000000008c400000, 0x000000008c400000, 0x000000008c500000|  0%| F|  |TAMS 0x000000008c400000, 0x000000008c400000| Untracked 
| 197|0x000000008c500000, 0x000000008c500000, 0x000000008c600000|  0%| F|  |TAMS 0x000000008c500000, 0x000000008c500000| Untracked 
| 198|0x000000008c600000, 0x000000008c600000, 0x000000008c700000|  0%| F|  |TAMS 0x000000008c600000, 0x000000008c600000| Untracked 
| 199|0x000000008c700000, 0x000000008c700000, 0x000000008c800000|  0%| F|  |TAMS 0x000000008c700000, 0x000000008c700000| Untracked 
| 200|0x000000008c800000, 0x000000008c800000, 0x000000008c900000|  0%| F|  |TAMS 0x000000008c800000, 0x000000008c800000| Untracked 
| 201|0x000000008c900000, 0x000000008c900000, 0x000000008ca00000|  0%| F|  |TAMS 0x000000008c900000, 0x000000008c900000| Untracked 
| 202|0x000000008ca00000, 0x000000008ca00000, 0x000000008cb00000|  0%| F|  |TAMS 0x000000008ca00000, 0x000000008ca00000| Untracked 
| 203|0x000000008cb00000, 0x000000008cb00000, 0x000000008cc00000|  0%| F|  |TAMS 0x000000008cb00000, 0x000000008cb00000| Untracked 
| 204|0x000000008cc00000, 0x000000008cc00000, 0x000000008cd00000|  0%| F|  |TAMS 0x000000008cc00000, 0x000000008cc00000| Untracked 
| 205|0x000000008cd00000, 0x000000008cd00000, 0x000000008ce00000|  0%| F|  |TAMS 0x000000008cd00000, 0x000000008cd00000| Untracked 
| 206|0x000000008ce00000, 0x000000008ce00000, 0x000000008cf00000|  0%| F|  |TAMS 0x000000008ce00000, 0x000000008ce00000| Untracked 
| 207|0x000000008cf00000, 0x000000008cf00000, 0x000000008d000000|  0%| F|  |TAMS 0x000000008cf00000, 0x000000008cf00000| Untracked 
| 208|0x000000008d000000, 0x000000008d000000, 0x000000008d100000|  0%| F|  |TAMS 0x000000008d000000, 0x000000008d000000| Untracked 
| 209|0x000000008d100000, 0x000000008d100000, 0x000000008d200000|  0%| F|  |TAMS 0x000000008d100000, 0x000000008d100000| Untracked 
| 210|0x000000008d200000, 0x000000008d200000, 0x000000008d300000|  0%| F|  |TAMS 0x000000008d200000, 0x000000008d200000| Untracked 
| 211|0x000000008d300000, 0x000000008d300000, 0x000000008d400000|  0%| F|  |TAMS 0x000000008d300000, 0x000000008d300000| Untracked 
| 212|0x000000008d400000, 0x000000008d400000, 0x000000008d500000|  0%| F|  |TAMS 0x000000008d400000, 0x000000008d400000| Untracked 
| 213|0x000000008d500000, 0x000000008d500000, 0x000000008d600000|  0%| F|  |TAMS 0x000000008d500000, 0x000000008d500000| Untracked 
| 214|0x000000008d600000, 0x000000008d600000, 0x000000008d700000|  0%| F|  |TAMS 0x000000008d600000, 0x000000008d600000| Untracked 
| 215|0x000000008d700000, 0x000000008d700000, 0x000000008d800000|  0%| F|  |TAMS 0x000000008d700000, 0x000000008d700000| Untracked 
| 216|0x000000008d800000, 0x000000008d800000, 0x000000008d900000|  0%| F|  |TAMS 0x000000008d800000, 0x000000008d800000| Untracked 
| 217|0x000000008d900000, 0x000000008d900000, 0x000000008da00000|  0%| F|  |TAMS 0x000000008d900000, 0x000000008d900000| Untracked 
| 218|0x000000008da00000, 0x000000008da00000, 0x000000008db00000|  0%| F|  |TAMS 0x000000008da00000, 0x000000008da00000| Untracked 
| 219|0x000000008db00000, 0x000000008db00000, 0x000000008dc00000|  0%| F|  |TAMS 0x000000008db00000, 0x000000008db00000| Untracked 
| 220|0x000000008dc00000, 0x000000008dc00000, 0x000000008dd00000|  0%| F|  |TAMS 0x000000008dc00000, 0x000000008dc00000| Untracked 
| 221|0x000000008dd00000, 0x000000008dd00000, 0x000000008de00000|  0%| F|  |TAMS 0x000000008dd00000, 0x000000008dd00000| Untracked 
| 222|0x000000008de00000, 0x000000008de00000, 0x000000008df00000|  0%| F|  |TAMS 0x000000008de00000, 0x000000008de00000| Untracked 
| 223|0x000000008df00000, 0x000000008df00000, 0x000000008e000000|  0%| F|  |TAMS 0x000000008df00000, 0x000000008df00000| Untracked 
| 224|0x000000008e000000, 0x000000008e000000, 0x000000008e100000|  0%| F|  |TAMS 0x000000008e000000, 0x000000008e000000| Untracked 
| 225|0x000000008e100000, 0x000000008e100000, 0x000000008e200000|  0%| F|  |TAMS 0x000000008e100000, 0x000000008e100000| Untracked 
| 226|0x000000008e200000, 0x000000008e200000, 0x000000008e300000|  0%| F|  |TAMS 0x000000008e200000, 0x000000008e200000| Untracked 
| 227|0x000000008e300000, 0x000000008e300000, 0x000000008e400000|  0%| F|  |TAMS 0x000000008e300000, 0x000000008e300000| Untracked 
| 228|0x000000008e400000, 0x000000008e400000, 0x000000008e500000|  0%| F|  |TAMS 0x000000008e400000, 0x000000008e400000| Untracked 
| 229|0x000000008e500000, 0x000000008e500000, 0x000000008e600000|  0%| F|  |TAMS 0x000000008e500000, 0x000000008e500000| Untracked 
| 230|0x000000008e600000, 0x000000008e600000, 0x000000008e700000|  0%| F|  |TAMS 0x000000008e600000, 0x000000008e600000| Untracked 
| 231|0x000000008e700000, 0x000000008e700000, 0x000000008e800000|  0%| F|  |TAMS 0x000000008e700000, 0x000000008e700000| Untracked 
| 232|0x000000008e800000, 0x000000008e800000, 0x000000008e900000|  0%| F|  |TAMS 0x000000008e800000, 0x000000008e800000| Untracked 
| 233|0x000000008e900000, 0x000000008e900000, 0x000000008ea00000|  0%| F|  |TAMS 0x000000008e900000, 0x000000008e900000| Untracked 
| 234|0x000000008ea00000, 0x000000008ea00000, 0x000000008eb00000|  0%| F|  |TAMS 0x000000008ea00000, 0x000000008ea00000| Untracked 
| 235|0x000000008eb00000, 0x000000008eb00000, 0x000000008ec00000|  0%| F|  |TAMS 0x000000008eb00000, 0x000000008eb00000| Untracked 
| 236|0x000000008ec00000, 0x000000008ec00000, 0x000000008ed00000|  0%| F|  |TAMS 0x000000008ec00000, 0x000000008ec00000| Untracked 
| 237|0x000000008ed00000, 0x000000008ed00000, 0x000000008ee00000|  0%| F|  |TAMS 0x000000008ed00000, 0x000000008ed00000| Untracked 
| 238|0x000000008ee00000, 0x000000008ee00000, 0x000000008ef00000|  0%| F|  |TAMS 0x000000008ee00000, 0x000000008ee00000| Untracked 
| 239|0x000000008ef00000, 0x000000008ef00000, 0x000000008f000000|  0%| F|  |TAMS 0x000000008ef00000, 0x000000008ef00000| Untracked 
| 240|0x000000008f000000, 0x000000008f000000, 0x000000008f100000|  0%| F|  |TAMS 0x000000008f000000, 0x000000008f000000| Untracked 
| 241|0x000000008f100000, 0x000000008f100000, 0x000000008f200000|  0%| F|  |TAMS 0x000000008f100000, 0x000000008f100000| Untracked 
| 242|0x000000008f200000, 0x000000008f200000, 0x000000008f300000|  0%| F|  |TAMS 0x000000008f200000, 0x000000008f200000| Untracked 
| 243|0x000000008f300000, 0x000000008f300000, 0x000000008f400000|  0%| F|  |TAMS 0x000000008f300000, 0x000000008f300000| Untracked 
| 244|0x000000008f400000, 0x000000008f400000, 0x000000008f500000|  0%| F|  |TAMS 0x000000008f400000, 0x000000008f400000| Untracked 
| 245|0x000000008f500000, 0x000000008f500000, 0x000000008f600000|  0%| F|  |TAMS 0x000000008f500000, 0x000000008f500000| Untracked 
| 246|0x000000008f600000, 0x000000008f600000, 0x000000008f700000|  0%| F|  |TAMS 0x000000008f600000, 0x000000008f600000| Untracked 
| 247|0x000000008f700000, 0x000000008f700000, 0x000000008f800000|  0%| F|  |TAMS 0x000000008f700000, 0x000000008f700000| Untracked 
| 248|0x000000008f800000, 0x000000008f800000, 0x000000008f900000|  0%| F|  |TAMS 0x000000008f800000, 0x000000008f800000| Untracked 
| 249|0x000000008f900000, 0x000000008f900000, 0x000000008fa00000|  0%| F|  |TAMS 0x000000008f900000, 0x000000008f900000| Untracked 
| 250|0x000000008fa00000, 0x000000008fa00000, 0x000000008fb00000|  0%| F|  |TAMS 0x000000008fa00000, 0x000000008fa00000| Untracked 
| 251|0x000000008fb00000, 0x000000008fb00000, 0x000000008fc00000|  0%| F|  |TAMS 0x000000008fb00000, 0x000000008fb00000| Untracked 
| 252|0x000000008fc00000, 0x000000008fc00000, 0x000000008fd00000|  0%| F|  |TAMS 0x000000008fc00000, 0x000000008fc00000| Untracked 
| 253|0x000000008fd00000, 0x000000008fd00000, 0x000000008fe00000|  0%| F|  |TAMS 0x000000008fd00000, 0x000000008fd00000| Untracked 
| 254|0x000000008fe00000, 0x000000008fe00000, 0x000000008ff00000|  0%| F|  |TAMS 0x000000008fe00000, 0x000000008fe00000| Untracked 
| 255|0x000000008ff00000, 0x000000008ff00000, 0x0000000090000000|  0%| F|  |TAMS 0x000000008ff00000, 0x000000008ff00000| Untracked 
| 256|0x0000000090000000, 0x0000000090000000, 0x0000000090100000|  0%| F|  |TAMS 0x0000000090000000, 0x0000000090000000| Untracked 
| 257|0x0000000090100000, 0x0000000090100000, 0x0000000090200000|  0%| F|  |TAMS 0x0000000090100000, 0x0000000090100000| Untracked 
| 258|0x0000000090200000, 0x0000000090200000, 0x0000000090300000|  0%| F|  |TAMS 0x0000000090200000, 0x0000000090200000| Untracked 
| 259|0x0000000090300000, 0x0000000090300000, 0x0000000090400000|  0%| F|  |TAMS 0x0000000090300000, 0x0000000090300000| Untracked 
| 260|0x0000000090400000, 0x0000000090400000, 0x0000000090500000|  0%| F|  |TAMS 0x0000000090400000, 0x0000000090400000| Untracked 
| 261|0x0000000090500000, 0x0000000090500000, 0x0000000090600000|  0%| F|  |TAMS 0x0000000090500000, 0x0000000090500000| Untracked 
| 262|0x0000000090600000, 0x0000000090600000, 0x0000000090700000|  0%| F|  |TAMS 0x0000000090600000, 0x0000000090600000| Untracked 
| 263|0x0000000090700000, 0x0000000090700000, 0x0000000090800000|  0%| F|  |TAMS 0x0000000090700000, 0x0000000090700000| Untracked 
| 264|0x0000000090800000, 0x0000000090800000, 0x0000000090900000|  0%| F|  |TAMS 0x0000000090800000, 0x0000000090800000| Untracked 
| 265|0x0000000090900000, 0x0000000090900000, 0x0000000090a00000|  0%| F|  |TAMS 0x0000000090900000, 0x0000000090900000| Untracked 
| 266|0x0000000090a00000, 0x0000000090a00000, 0x0000000090b00000|  0%| F|  |TAMS 0x0000000090a00000, 0x0000000090a00000| Untracked 
| 267|0x0000000090b00000, 0x0000000090b00000, 0x0000000090c00000|  0%| F|  |TAMS 0x0000000090b00000, 0x0000000090b00000| Untracked 
| 268|0x0000000090c00000, 0x0000000090c00000, 0x0000000090d00000|  0%| F|  |TAMS 0x0000000090c00000, 0x0000000090c00000| Untracked 
| 269|0x0000000090d00000, 0x0000000090d00000, 0x0000000090e00000|  0%| F|  |TAMS 0x0000000090d00000, 0x0000000090d00000| Untracked 
| 270|0x0000000090e00000, 0x0000000090e00000, 0x0000000090f00000|  0%| F|  |TAMS 0x0000000090e00000, 0x0000000090e00000| Untracked 
| 271|0x0000000090f00000, 0x0000000090f00000, 0x0000000091000000|  0%| F|  |TAMS 0x0000000090f00000, 0x0000000090f00000| Untracked 
| 272|0x0000000091000000, 0x0000000091000000, 0x0000000091100000|  0%| F|  |TAMS 0x0000000091000000, 0x0000000091000000| Untracked 
| 273|0x0000000091100000, 0x0000000091100000, 0x0000000091200000|  0%| F|  |TAMS 0x0000000091100000, 0x0000000091100000| Untracked 
| 274|0x0000000091200000, 0x0000000091200000, 0x0000000091300000|  0%| F|  |TAMS 0x0000000091200000, 0x0000000091200000| Untracked 
| 275|0x0000000091300000, 0x0000000091300000, 0x0000000091400000|  0%| F|  |TAMS 0x0000000091300000, 0x0000000091300000| Untracked 
| 276|0x0000000091400000, 0x0000000091400000, 0x0000000091500000|  0%| F|  |TAMS 0x0000000091400000, 0x0000000091400000| Untracked 
| 277|0x0000000091500000, 0x0000000091500000, 0x0000000091600000|  0%| F|  |TAMS 0x0000000091500000, 0x0000000091500000| Untracked 
| 278|0x0000000091600000, 0x0000000091600000, 0x0000000091700000|  0%| F|  |TAMS 0x0000000091600000, 0x0000000091600000| Untracked 
| 279|0x0000000091700000, 0x0000000091700000, 0x0000000091800000|  0%| F|  |TAMS 0x0000000091700000, 0x0000000091700000| Untracked 
| 280|0x0000000091800000, 0x0000000091800000, 0x0000000091900000|  0%| F|  |TAMS 0x0000000091800000, 0x0000000091800000| Untracked 
| 281|0x0000000091900000, 0x0000000091900000, 0x0000000091a00000|  0%| F|  |TAMS 0x0000000091900000, 0x0000000091900000| Untracked 
| 282|0x0000000091a00000, 0x0000000091a00000, 0x0000000091b00000|  0%| F|  |TAMS 0x0000000091a00000, 0x0000000091a00000| Untracked 
| 283|0x0000000091b00000, 0x0000000091b00000, 0x0000000091c00000|  0%| F|  |TAMS 0x0000000091b00000, 0x0000000091b00000| Untracked 
| 284|0x0000000091c00000, 0x0000000091c00000, 0x0000000091d00000|  0%| F|  |TAMS 0x0000000091c00000, 0x0000000091c00000| Untracked 
| 285|0x0000000091d00000, 0x0000000091d00000, 0x0000000091e00000|  0%| F|  |TAMS 0x0000000091d00000, 0x0000000091d00000| Untracked 
| 286|0x0000000091e00000, 0x0000000091e00000, 0x0000000091f00000|  0%| F|  |TAMS 0x0000000091e00000, 0x0000000091e00000| Untracked 
| 287|0x0000000091f00000, 0x0000000091f00000, 0x0000000092000000|  0%| F|  |TAMS 0x0000000091f00000, 0x0000000091f00000| Untracked 
| 288|0x0000000092000000, 0x0000000092000000, 0x0000000092100000|  0%| F|  |TAMS 0x0000000092000000, 0x0000000092000000| Untracked 
| 289|0x0000000092100000, 0x0000000092200000, 0x0000000092200000|100%| S|CS|TAMS 0x0000000092100000, 0x0000000092100000| Complete 
| 290|0x0000000092200000, 0x0000000092300000, 0x0000000092300000|100%| S|CS|TAMS 0x0000000092200000, 0x0000000092200000| Complete 
| 291|0x0000000092300000, 0x0000000092400000, 0x0000000092400000|100%| S|CS|TAMS 0x0000000092300000, 0x0000000092300000| Complete 
| 292|0x0000000092400000, 0x0000000092400000, 0x0000000092500000|  0%| F|  |TAMS 0x0000000092400000, 0x0000000092400000| Untracked 
| 293|0x0000000092500000, 0x0000000092500000, 0x0000000092600000|  0%| F|  |TAMS 0x0000000092500000, 0x0000000092500000| Untracked 
| 294|0x0000000092600000, 0x0000000092600000, 0x0000000092700000|  0%| F|  |TAMS 0x0000000092600000, 0x0000000092600000| Untracked 
| 295|0x0000000092700000, 0x0000000092700000, 0x0000000092800000|  0%| F|  |TAMS 0x0000000092700000, 0x0000000092700000| Untracked 
| 296|0x0000000092800000, 0x000000009289ae38, 0x0000000092900000| 60%| E|  |TAMS 0x0000000092800000, 0x0000000092800000| Complete 
| 297|0x0000000092900000, 0x0000000092a00000, 0x0000000092a00000|100%| E|CS|TAMS 0x0000000092900000, 0x0000000092900000| Complete 
| 298|0x0000000092a00000, 0x0000000092b00000, 0x0000000092b00000|100%| E|CS|TAMS 0x0000000092a00000, 0x0000000092a00000| Complete 
| 299|0x0000000092b00000, 0x0000000092c00000, 0x0000000092c00000|100%| E|CS|TAMS 0x0000000092b00000, 0x0000000092b00000| Complete 
| 300|0x0000000092c00000, 0x0000000092d00000, 0x0000000092d00000|100%| E|CS|TAMS 0x0000000092c00000, 0x0000000092c00000| Complete 
| 301|0x0000000092d00000, 0x0000000092e00000, 0x0000000092e00000|100%| E|CS|TAMS 0x0000000092d00000, 0x0000000092d00000| Complete 
| 302|0x0000000092e00000, 0x0000000092f00000, 0x0000000092f00000|100%| E|CS|TAMS 0x0000000092e00000, 0x0000000092e00000| Complete 
| 303|0x0000000092f00000, 0x0000000093000000, 0x0000000093000000|100%| E|CS|TAMS 0x0000000092f00000, 0x0000000092f00000| Complete 
| 304|0x0000000093000000, 0x0000000093100000, 0x0000000093100000|100%| E|CS|TAMS 0x0000000093000000, 0x0000000093000000| Complete 
| 305|0x0000000093100000, 0x0000000093200000, 0x0000000093200000|100%| E|CS|TAMS 0x0000000093100000, 0x0000000093100000| Complete 
| 306|0x0000000093200000, 0x0000000093300000, 0x0000000093300000|100%| E|CS|TAMS 0x0000000093200000, 0x0000000093200000| Complete 
| 307|0x0000000093300000, 0x0000000093400000, 0x0000000093400000|100%| E|CS|TAMS 0x0000000093300000, 0x0000000093300000| Complete 
| 308|0x0000000093400000, 0x0000000093500000, 0x0000000093500000|100%| E|CS|TAMS 0x0000000093400000, 0x0000000093400000| Complete 
| 309|0x0000000093500000, 0x0000000093600000, 0x0000000093600000|100%| E|CS|TAMS 0x0000000093500000, 0x0000000093500000| Complete 
| 310|0x0000000093600000, 0x0000000093700000, 0x0000000093700000|100%| E|CS|TAMS 0x0000000093600000, 0x0000000093600000| Complete 
| 311|0x0000000093700000, 0x0000000093800000, 0x0000000093800000|100%| E|CS|TAMS 0x0000000093700000, 0x0000000093700000| Complete 

Card table byte_map: [0x0000023a67ba0000,0x0000023a67fa0000] _byte_map_base: 0x0000023a677a0000

Marking Bits (Prev, Next): (CMBitMap*) 0x0000023a548df7c0, (CMBitMap*) 0x0000023a548df788
 Prev Bits: [0x0000023a6a3a0000, 0x0000023a6c3a0000)
 Next Bits: [0x0000023a683a0000, 0x0000023a6a3a0000)

Polling page: 0x0000023a52f70000

Metaspace:

Usage:
  Non-class:    153.83 MB capacity,   151.10 MB ( 98%) used,     2.16 MB (  1%) free+waste,   575.25 KB ( <1%) overhead. 
      Class:     22.89 MB capacity,    21.25 MB ( 93%) used,     1.40 MB (  6%) free+waste,   249.88 KB (  1%) overhead. 
       Both:    176.72 MB capacity,   172.35 MB ( 98%) used,     3.56 MB (  2%) free+waste,   825.13 KB ( <1%) overhead. 

Virtual space:
  Non-class space:      154.00 MB reserved,     153.92 MB (>99%) committed 
      Class space:        1.00 GB reserved,      23.00 MB (  2%) committed 
             Both:        1.15 GB reserved,     176.92 MB ( 15%) committed 

Chunk freelists:
   Non-Class:  32.00 KB
       Class:  12.00 KB
        Both:  44.00 KB

MaxMetaspaceSize: 17179869184.00 GB
CompressedClassSpaceSize: 1.00 GB

CodeHeap 'non-profiled nmethods': size=120064Kb used=24118Kb max_used=24118Kb free=95945Kb
 bounds [0x0000023a5fe50000, 0x0000023a615f0000, 0x0000023a67390000]
CodeHeap 'profiled nmethods': size=120000Kb used=63191Kb max_used=65121Kb free=56808Kb
 bounds [0x0000023a58920000, 0x0000023a5c910000, 0x0000023a5fe50000]
CodeHeap 'non-nmethods': size=5696Kb used=2407Kb max_used=2463Kb free=3288Kb
 bounds [0x0000023a58390000, 0x0000023a58610000, 0x0000023a58920000]
 total_blobs=29207 nmethods=28160 adapters=958
 compilation: enabled
              stopped_count=0, restarted_count=0
 full_count=0

Compilation events (20 events):
Event: 18244.909 Thread 0x0000023a6f150800 nmethod 36107 0x0000023a59289490 code [0x0000023a59289660, 0x0000023a592899a8]
Event: 18244.910 Thread 0x0000023a6efd2000 36108       4       com.sun.tools.javac.code.Types::closure (153 bytes)
Event: 18245.266 Thread 0x0000023a6efd2000 nmethod 36108 0x0000023a615e1990 code [0x0000023a615e1da0, 0x0000023a615e3ad8]
Event: 18245.346 Thread 0x0000023a6f150800 36109       3       com.sun.tools.javac.comp.Operators$BinaryEqualityOperator::getKind (105 bytes)
Event: 18245.348 Thread 0x0000023a6f150800 nmethod 36109 0x0000023a5954f890 code [0x0000023a5954fb00, 0x0000023a595503d8]
Event: 18245.666 Thread 0x0000023a6efd2000 36110       4       com.sun.tools.javac.comp.Resolve::accessInternal (97 bytes)
Event: 18245.672 Thread 0x0000023a6efd2000 nmethod 36110 0x0000023a61046910 code [0x0000023a61046ac0, 0x0000023a61046bb8]
Event: 18246.317 Thread 0x0000023a6efd2000 36111       4       com.sun.tools.javac.comp.Resolve::rawInstantiate (508 bytes)
Event: 18246.385 Thread 0x0000023a6f150800 36113       3       com.sun.tools.javac.comp.ArgumentAttr::setResult (30 bytes)
Event: 18246.386 Thread 0x0000023a6f150800 nmethod 36113 0x0000023a593aa910 code [0x0000023a593aaae0, 0x0000023a593aadd8]
Event: 18246.406 Thread 0x0000023a6f150800 36115       3       com.sun.tools.javac.tree.JCTree$JCMethodInvocation::accept (9 bytes)
Event: 18246.407 Thread 0x0000023a6f150800 nmethod 36115 0x0000023a591ce810 code [0x0000023a591ce9c0, 0x0000023a591ceb88]
Event: 18246.407 Thread 0x0000023a6f150800 36116       3       com.sun.tools.javac.tree.TreeCopier::visitMethodInvocation (7 bytes)
Event: 18246.412 Thread 0x0000023a6f150800 nmethod 36116 0x0000023a58d88690 code [0x0000023a58d88840, 0x0000023a58d889e8]
Event: 18246.412 Thread 0x0000023a6f150800 36117       3       com.sun.tools.javac.tree.TreeCopier::visitMethodInvocation (62 bytes)
Event: 18246.415 Thread 0x0000023a6f150800 nmethod 36117 0x0000023a59856e90 code [0x0000023a598570e0, 0x0000023a59857b48]
Event: 18246.554 Thread 0x0000023a6f150800 36118       3       com.sun.tools.javac.util.JCDiagnostic$DiagnosticInfo::of (108 bytes)
Event: 18246.561 Thread 0x0000023a6f150800 nmethod 36118 0x0000023a599e0890 code [0x0000023a599e0be0, 0x0000023a599e2318]
Event: 18247.038 Thread 0x0000023a6f150800 36121       3       com.sun.tools.javac.tree.TreeInfo::isIdentOrThisDotIdent (59 bytes)
Event: 18247.041 Thread 0x0000023a6f150800 nmethod 36121 0x0000023a59865c90 code [0x0000023a59865f00, 0x0000023a59866a88]

GC Heap History (20 events):
Event: 17886.197 GC heap before
{Heap before GC invocations=400 (full 0):
 garbage-first heap   total 319488K, used 140583K [0x0000000080000000, 0x0000000100000000)
  region size 1024K, 15 young (15360K), 2 survivors (2048K)
 Metaspace       used 176133K, capacity 180590K, committed 180912K, reserved 1206272K
  class space    used 21752K, capacity 23432K, committed 23552K, reserved 1048576K
}
Event: 17886.382 GC heap after
{Heap after GC invocations=401 (full 0):
 garbage-first heap   total 319488K, used 128771K [0x0000000080000000, 0x0000000100000000)
  region size 1024K, 2 young (2048K), 2 survivors (2048K)
 Metaspace       used 176133K, capacity 180590K, committed 180912K, reserved 1206272K
  class space    used 21752K, capacity 23432K, committed 23552K, reserved 1048576K
}
Event: 17901.789 GC heap before
{Heap before GC invocations=402 (full 0):
 garbage-first heap   total 319488K, used 143107K [0x0000000080000000, 0x0000000100000000)
  region size 1024K, 16 young (16384K), 2 survivors (2048K)
 Metaspace       used 176154K, capacity 180591K, committed 180912K, reserved 1206272K
  class space    used 21752K, capacity 23432K, committed 23552K, reserved 1048576K
}
Event: 17901.928 GC heap after
{Heap after GC invocations=403 (full 0):
 garbage-first heap   total 319488K, used 133109K [0x0000000080000000, 0x0000000100000000)
  region size 1024K, 2 young (2048K), 2 survivors (2048K)
 Metaspace       used 176154K, capacity 180591K, committed 180912K, reserved 1206272K
  class space    used 21752K, capacity 23432K, committed 23552K, reserved 1048576K
}
Event: 17907.711 GC heap before
{Heap before GC invocations=403 (full 0):
 garbage-first heap   total 319488K, used 145397K [0x0000000080000000, 0x0000000100000000)
  region size 1024K, 15 young (15360K), 2 survivors (2048K)
 Metaspace       used 176174K, capacity 180593K, committed 180912K, reserved 1206272K
  class space    used 21752K, capacity 23432K, committed 23552K, reserved 1048576K
}
Event: 17907.862 GC heap after
{Heap after GC invocations=404 (full 0):
 garbage-first heap   total 319488K, used 129024K [0x0000000080000000, 0x0000000100000000)
  region size 1024K, 2 young (2048K), 2 survivors (2048K)
 Metaspace       used 176174K, capacity 180593K, committed 180912K, reserved 1206272K
  class space    used 21752K, capacity 23432K, committed 23552K, reserved 1048576K
}
Event: 17911.879 GC heap before
{Heap before GC invocations=404 (full 0):
 garbage-first heap   total 319488K, used 144384K [0x0000000080000000, 0x0000000100000000)
  region size 1024K, 17 young (17408K), 2 survivors (2048K)
 Metaspace       used 176282K, capacity 180724K, committed 180912K, reserved 1206272K
  class space    used 21752K, capacity 23432K, committed 23552K, reserved 1048576K
}
Event: 17912.068 GC heap after
{Heap after GC invocations=405 (full 0):
 garbage-first heap   total 319488K, used 131816K [0x0000000080000000, 0x0000000100000000)
  region size 1024K, 3 young (3072K), 3 survivors (3072K)
 Metaspace       used 176282K, capacity 180724K, committed 180912K, reserved 1206272K
  class space    used 21752K, capacity 23432K, committed 23552K, reserved 1048576K
}
Event: 17920.220 GC heap before
{Heap before GC invocations=406 (full 0):
 garbage-first heap   total 319488K, used 145128K [0x0000000080000000, 0x0000000100000000)
  region size 1024K, 17 young (17408K), 3 survivors (3072K)
 Metaspace       used 176341K, capacity 180739K, committed 180912K, reserved 1206272K
  class space    used 21756K, capacity 23436K, committed 23552K, reserved 1048576K
}
Event: 17920.287 GC heap after
{Heap after GC invocations=407 (full 0):
 garbage-first heap   total 319488K, used 132458K [0x0000000080000000, 0x0000000100000000)
  region size 1024K, 1 young (1024K), 1 survivors (1024K)
 Metaspace       used 176341K, capacity 180739K, committed 180912K, reserved 1206272K
  class space    used 21756K, capacity 23436K, committed 23552K, reserved 1048576K
}
Event: 18148.370 GC heap before
{Heap before GC invocations=407 (full 0):
 garbage-first heap   total 319488K, used 152938K [0x0000000080000000, 0x0000000100000000)
  region size 1024K, 15 young (15360K), 1 survivors (1024K)
 Metaspace       used 176364K, capacity 180751K, committed 180912K, reserved 1206272K
  class space    used 21757K, capacity 23438K, committed 23552K, reserved 1048576K
}
Event: 18148.941 GC heap after
{Heap after GC invocations=408 (full 0):
 garbage-first heap   total 319488K, used 130334K [0x0000000080000000, 0x0000000100000000)
  region size 1024K, 2 young (2048K), 2 survivors (2048K)
 Metaspace       used 176364K, capacity 180751K, committed 180912K, reserved 1206272K
  class space    used 21757K, capacity 23438K, committed 23552K, reserved 1048576K
}
Event: 18155.363 GC heap before
{Heap before GC invocations=408 (full 0):
 garbage-first heap   total 319488K, used 143646K [0x0000000080000000, 0x0000000100000000)
  region size 1024K, 16 young (16384K), 2 survivors (2048K)
 Metaspace       used 176374K, capacity 180751K, committed 180912K, reserved 1206272K
  class space    used 21757K, capacity 23438K, committed 23552K, reserved 1048576K
}
Event: 18155.604 GC heap after
{Heap after GC invocations=409 (full 0):
 garbage-first heap   total 319488K, used 131544K [0x0000000080000000, 0x0000000100000000)
  region size 1024K, 2 young (2048K), 2 survivors (2048K)
 Metaspace       used 176374K, capacity 180751K, committed 180912K, reserved 1206272K
  class space    used 21757K, capacity 23438K, committed 23552K, reserved 1048576K
}
Event: 18168.041 GC heap before
{Heap before GC invocations=410 (full 0):
 garbage-first heap   total 319488K, used 148952K [0x0000000080000000, 0x0000000100000000)
  region size 1024K, 19 young (19456K), 2 survivors (2048K)
 Metaspace       used 176408K, capacity 180827K, committed 181168K, reserved 1206272K
  class space    used 21758K, capacity 23440K, committed 23552K, reserved 1048576K
}
Event: 18168.126 GC heap after
{Heap after GC invocations=411 (full 0):
 garbage-first heap   total 319488K, used 133871K [0x0000000080000000, 0x0000000100000000)
  region size 1024K, 3 young (3072K), 3 survivors (3072K)
 Metaspace       used 176408K, capacity 180827K, committed 181168K, reserved 1206272K
  class space    used 21758K, capacity 23440K, committed 23552K, reserved 1048576K
}
Event: 18182.466 GC heap before
{Heap before GC invocations=411 (full 0):
 garbage-first heap   total 319488K, used 148207K [0x0000000080000000, 0x0000000100000000)
  region size 1024K, 15 young (15360K), 3 survivors (3072K)
 Metaspace       used 176420K, capacity 180891K, committed 181168K, reserved 1206272K
  class space    used 21758K, capacity 23440K, committed 23552K, reserved 1048576K
}
Event: 18182.595 GC heap after
{Heap after GC invocations=412 (full 0):
 garbage-first heap   total 319488K, used 129691K [0x0000000080000000, 0x0000000100000000)
  region size 1024K, 2 young (2048K), 2 survivors (2048K)
 Metaspace       used 176420K, capacity 180891K, committed 181168K, reserved 1206272K
  class space    used 21758K, capacity 23440K, committed 23552K, reserved 1048576K
}
Event: 18226.815 GC heap before
{Heap before GC invocations=412 (full 0):
 garbage-first heap   total 319488K, used 148123K [0x0000000080000000, 0x0000000100000000)
  region size 1024K, 20 young (20480K), 2 survivors (2048K)
 Metaspace       used 176424K, capacity 180891K, committed 181168K, reserved 1206272K
  class space    used 21759K, capacity 23440K, committed 23552K, reserved 1048576K
}
Event: 18226.951 GC heap after
{Heap after GC invocations=413 (full 0):
 garbage-first heap   total 319488K, used 134617K [0x0000000080000000, 0x0000000100000000)
  region size 1024K, 3 young (3072K), 3 survivors (3072K)
 Metaspace       used 176424K, capacity 180891K, committed 181168K, reserved 1206272K
  class space    used 21759K, capacity 23440K, committed 23552K, reserved 1048576K
}

Deoptimization events (20 events):
Event: 18157.579 Thread 0x0000023a77548000 DEOPT PACKING pc=0x0000023a61547720 sp=0x000000755e2fac20
Event: 18157.580 Thread 0x0000023a77548000 DEOPT UNPACKING pc=0x0000023a583b732f sp=0x000000755e2fac20 mode 2
Event: 18157.580 Thread 0x0000023a77548000 Uncommon trap: trap_request=0xffffffbe fr.pc=0x0000023a61547720 relative=0x0000000000001fc0
Event: 18157.580 Thread 0x0000023a77548000 Uncommon trap: reason=profile_predicate action=maybe_recompile pc=0x0000023a61547720 method=org.gradle.api.internal.artifacts.configurations.Configurations.getNames(Ljava/util/Collection;)Lcom/google/common/collect/ImmutableSet; @ 67 c2
Event: 18157.580 Thread 0x0000023a77548000 DEOPT PACKING pc=0x0000023a61547720 sp=0x000000755e2fac20
Event: 18157.580 Thread 0x0000023a77548000 DEOPT UNPACKING pc=0x0000023a583b732f sp=0x000000755e2fac20 mode 2
Event: 18157.581 Thread 0x0000023a77548000 Uncommon trap: trap_request=0xffffffbe fr.pc=0x0000023a61547720 relative=0x0000000000001fc0
Event: 18157.581 Thread 0x0000023a77548000 Uncommon trap: reason=profile_predicate action=maybe_recompile pc=0x0000023a61547720 method=org.gradle.api.internal.artifacts.configurations.Configurations.getNames(Ljava/util/Collection;)Lcom/google/common/collect/ImmutableSet; @ 67 c2
Event: 18157.581 Thread 0x0000023a77548000 DEOPT PACKING pc=0x0000023a61547720 sp=0x000000755e2fac20
Event: 18157.581 Thread 0x0000023a77548000 DEOPT UNPACKING pc=0x0000023a583b732f sp=0x000000755e2fac20 mode 2
Event: 18157.583 Thread 0x0000023a77548000 Uncommon trap: trap_request=0xffffffbe fr.pc=0x0000023a61547720 relative=0x0000000000001fc0
Event: 18157.583 Thread 0x0000023a77548000 Uncommon trap: reason=profile_predicate action=maybe_recompile pc=0x0000023a61547720 method=org.gradle.api.internal.artifacts.configurations.Configurations.getNames(Ljava/util/Collection;)Lcom/google/common/collect/ImmutableSet; @ 67 c2
Event: 18157.583 Thread 0x0000023a77548000 DEOPT PACKING pc=0x0000023a61547720 sp=0x000000755e2fac20
Event: 18157.583 Thread 0x0000023a77548000 DEOPT UNPACKING pc=0x0000023a583b732f sp=0x000000755e2fac20 mode 2
Event: 18157.767 Thread 0x0000023a77548000 DEOPT PACKING pc=0x0000023a5ac589ba sp=0x000000755e2f9d00
Event: 18157.767 Thread 0x0000023a77548000 DEOPT UNPACKING pc=0x0000023a583b714e sp=0x000000755e2f91a8 mode 0
Event: 18168.877 Thread 0x0000023a77548000 DEOPT PACKING pc=0x0000023a59578e2b sp=0x000000755e2f6860
Event: 18168.877 Thread 0x0000023a77548000 DEOPT UNPACKING pc=0x0000023a583b714e sp=0x000000755e2f5cf8 mode 0
Event: 18226.720 Thread 0x0000023a77548000 DEOPT PACKING pc=0x0000023a5b8c298f sp=0x000000755e2f5590
Event: 18226.720 Thread 0x0000023a77548000 DEOPT UNPACKING pc=0x0000023a583b714e sp=0x000000755e2f4a48 mode 0

Classes redefined (0 events):
No events

Internal exceptions (20 events):
Event: 18229.181 Thread 0x0000023a77548000 Exception <a 'sun/nio/fs/WindowsException'{0x00000000934e8a00}> (0x00000000934e8a00) thrown at [./src/hotspot/share/prims/jni.cpp, line 615]
Event: 18229.182 Thread 0x0000023a77548000 Exception <a 'sun/nio/fs/WindowsException'{0x00000000934e8b58}> (0x00000000934e8b58) thrown at [./src/hotspot/share/prims/jni.cpp, line 615]
Event: 18229.286 Thread 0x0000023a77548000 Exception <a 'sun/nio/fs/WindowsException'{0x0000000093343270}> (0x0000000093343270) thrown at [./src/hotspot/share/prims/jni.cpp, line 615]
Event: 18229.286 Thread 0x0000023a77548000 Exception <a 'sun/nio/fs/WindowsException'{0x00000000933433f0}> (0x00000000933433f0) thrown at [./src/hotspot/share/prims/jni.cpp, line 615]
Event: 18235.603 Thread 0x0000023a77548000 Exception <a 'sun/nio/fs/WindowsException'{0x00000000930a70d0}> (0x00000000930a70d0) thrown at [./src/hotspot/share/prims/jni.cpp, line 615]
Event: 18237.701 Thread 0x0000023a77548000 Exception <a 'sun/nio/fs/WindowsException'{0x0000000092fa7c50}> (0x0000000092fa7c50) thrown at [./src/hotspot/share/prims/jni.cpp, line 615]
Event: 18237.701 Thread 0x0000023a77548000 Exception <a 'sun/nio/fs/WindowsException'{0x0000000092fa7da8}> (0x0000000092fa7da8) thrown at [./src/hotspot/share/prims/jni.cpp, line 615]
Event: 18237.921 Thread 0x0000023a77548000 Exception <a 'sun/nio/fs/WindowsException'{0x0000000092d09888}> (0x0000000092d09888) thrown at [./src/hotspot/share/prims/jni.cpp, line 615]
Event: 18238.416 Thread 0x0000023a77548000 Exception <a 'sun/nio/fs/WindowsException'{0x0000000092d19590}> (0x0000000092d19590) thrown at [./src/hotspot/share/prims/jni.cpp, line 615]
Event: 18238.554 Thread 0x0000023a77548000 Exception <a 'sun/nio/fs/WindowsException'{0x0000000092d249d8}> (0x0000000092d249d8) thrown at [./src/hotspot/share/prims/jni.cpp, line 615]
Event: 18238.702 Thread 0x0000023a77548000 Exception <a 'sun/nio/fs/WindowsException'{0x0000000092dc71f0}> (0x0000000092dc71f0) thrown at [./src/hotspot/share/prims/jni.cpp, line 615]
Event: 18238.703 Thread 0x0000023a77548000 Exception <a 'sun/nio/fs/WindowsException'{0x0000000092dc7378}> (0x0000000092dc7378) thrown at [./src/hotspot/share/prims/jni.cpp, line 615]
Event: 18240.686 Thread 0x0000023a77548000 Exception <a 'sun/nio/fs/WindowsException'{0x0000000092c1a468}> (0x0000000092c1a468) thrown at [./src/hotspot/share/prims/jni.cpp, line 615]
Event: 18240.686 Thread 0x0000023a77548000 Exception <a 'sun/nio/fs/WindowsException'{0x0000000092c1a5d0}> (0x0000000092c1a5d0) thrown at [./src/hotspot/share/prims/jni.cpp, line 615]
Event: 18240.693 Thread 0x0000023a77548000 Exception <a 'sun/nio/fs/WindowsException'{0x0000000092c35ba0}> (0x0000000092c35ba0) thrown at [./src/hotspot/share/prims/jni.cpp, line 615]
Event: 18240.694 Thread 0x0000023a77548000 Exception <a 'sun/nio/fs/WindowsException'{0x0000000092c35d28}> (0x0000000092c35d28) thrown at [./src/hotspot/share/prims/jni.cpp, line 615]
Event: 18240.705 Thread 0x0000023a77548000 Exception <a 'sun/nio/fs/WindowsException'{0x0000000092c4a3c8}> (0x0000000092c4a3c8) thrown at [./src/hotspot/share/prims/jni.cpp, line 615]
Event: 18240.705 Thread 0x0000023a77548000 Exception <a 'sun/nio/fs/WindowsException'{0x0000000092c4a548}> (0x0000000092c4a548) thrown at [./src/hotspot/share/prims/jni.cpp, line 615]
Event: 18240.710 Thread 0x0000023a77548000 Exception <a 'sun/nio/fs/WindowsException'{0x0000000092c70230}> (0x0000000092c70230) thrown at [./src/hotspot/share/prims/jni.cpp, line 615]
Event: 18240.711 Thread 0x0000023a77548000 Exception <a 'sun/nio/fs/WindowsException'{0x0000000092c703b0}> (0x0000000092c703b0) thrown at [./src/hotspot/share/prims/jni.cpp, line 615]

Events (20 events):
Event: 18168.197 Executing VM operation: RevokeBias
Event: 18168.198 Executing VM operation: RevokeBias done
Event: 18168.325 Executing VM operation: RevokeBias
Event: 18168.326 Executing VM operation: RevokeBias done
Event: 18168.878 Thread 0x0000023a7ad1b800 Thread added: 0x0000023a7ad1b800
Event: 18182.466 Executing VM operation: G1CollectForAllocation
Event: 18182.595 Executing VM operation: G1CollectForAllocation done
Event: 18201.356 Executing VM operation: RevokeBias
Event: 18201.414 Executing VM operation: RevokeBias done
Event: 18201.414 Thread 0x0000023a7754c000 Thread exited: 0x0000023a7754c000
Event: 18204.098 loading class org/gradle/cache/internal/filelock/DefaultLockStateSerializer$1
Event: 18204.098 loading class org/gradle/cache/internal/filelock/DefaultLockStateSerializer$1 done
Event: 18204.170 Executing VM operation: RevokeBias
Event: 18204.230 Executing VM operation: RevokeBias done
Event: 18226.814 Executing VM operation: G1CollectForAllocation
Event: 18226.951 Executing VM operation: G1CollectForAllocation done
Event: 18228.053 Executing VM operation: CGC_Operation
Event: 18228.222 Executing VM operation: CGC_Operation done
Event: 18228.724 Executing VM operation: CGC_Operation
Event: 18228.725 Executing VM operation: CGC_Operation done


Dynamic libraries:
0x00007ff6cdbb0000 - 0x00007ff6cdbba000 	C:\Program Files\Android\Android Studio1\jre\bin\java.exe
0x00007ffbeaef0000 - 0x00007ffbeb0e5000 	C:\Windows\SYSTEM32\ntdll.dll
0x00007ffbea680000 - 0x00007ffbea73e000 	C:\Windows\System32\KERNEL32.DLL
0x00007ffbe8610000 - 0x00007ffbe88d9000 	C:\Windows\System32\KERNELBASE.dll
0x00007ffbe8970000 - 0x00007ffbe8a70000 	C:\Windows\System32\ucrtbase.dll
0x00007ffbe0650000 - 0x00007ffbe0669000 	C:\Program Files\Android\Android Studio1\jre\bin\jli.dll
0x00007ffbe96e0000 - 0x00007ffbe9881000 	C:\Windows\System32\USER32.dll
0x00007ffbe88e0000 - 0x00007ffbe8902000 	C:\Windows\System32\win32u.dll
0x00007ffbe9950000 - 0x00007ffbe997b000 	C:\Windows\System32\GDI32.dll
0x00007ffbe8a70000 - 0x00007ffbe8b7b000 	C:\Windows\System32\gdi32full.dll
0x00007ffbe0600000 - 0x00007ffbe0617000 	C:\Program Files\Android\Android Studio1\jre\bin\VCRUNTIME140.dll
0x00007ffbe8d10000 - 0x00007ffbe8dad000 	C:\Windows\System32\msvcp_win.dll
0x00007ffbda8e0000 - 0x00007ffbdab7a000 	C:\Windows\WinSxS\amd64_microsoft.windows.common-controls_6595b64144ccf1df_6.0.19041.1110_none_60b5254171f9507e\COMCTL32.dll
0x00007ffbea2b0000 - 0x00007ffbea34e000 	C:\Windows\System32\msvcrt.dll
0x00007ffbe9cd0000 - 0x00007ffbe9d00000 	C:\Windows\System32\IMM32.DLL
0x00007ffbe00f0000 - 0x00007ffbe018d000 	C:\Program Files\Android\Android Studio1\jre\bin\msvcp140.dll
0x00007ffbb3b80000 - 0x00007ffbb464f000 	C:\Program Files\Android\Android Studio1\jre\bin\server\jvm.dll
0x00007ffbea200000 - 0x00007ffbea2ac000 	C:\Windows\System32\ADVAPI32.dll
0x00007ffbea550000 - 0x00007ffbea5eb000 	C:\Windows\System32\sechost.dll
0x00007ffbea880000 - 0x00007ffbea9aa000 	C:\Windows\System32\RPCRT4.dll
0x00007ffbe9cc0000 - 0x00007ffbe9cc8000 	C:\Windows\System32\PSAPI.DLL
0x00007ffbe5ea0000 - 0x00007ffbe5ea9000 	C:\Windows\SYSTEM32\WSOCK32.dll
0x00007ffbde110000 - 0x00007ffbde11a000 	C:\Windows\SYSTEM32\VERSION.dll
0x00007ffbde0e0000 - 0x00007ffbde107000 	C:\Windows\SYSTEM32\WINMM.dll
0x00007ffbeae40000 - 0x00007ffbeaeab000 	C:\Windows\System32\WS2_32.dll
0x00007ffbe63e0000 - 0x00007ffbe63f2000 	C:\Windows\SYSTEM32\kernel.appcore.dll
0x00007ffbe5e40000 - 0x00007ffbe5e51000 	C:\Program Files\Android\Android Studio1\jre\bin\verify.dll
0x00007ffbd5a20000 - 0x00007ffbd5c04000 	C:\Windows\SYSTEM32\DBGHELP.DLL
0x00007ffbd6bf0000 - 0x00007ffbd6c1c000 	C:\Windows\SYSTEM32\dbgcore.DLL
0x00007ffbe8eb0000 - 0x00007ffbe8f33000 	C:\Windows\System32\bcryptPrimitives.dll
0x00007ffbe0d20000 - 0x00007ffbe0d49000 	C:\Program Files\Android\Android Studio1\jre\bin\java.dll
0x00007ffbe5e70000 - 0x00007ffbe5e7b000 	C:\Program Files\Android\Android Studio1\jre\bin\jimage.dll
0x00007ffbe5e20000 - 0x00007ffbe5e38000 	C:\Program Files\Android\Android Studio1\jre\bin\zip.dll
0x00007ffbe8fa0000 - 0x00007ffbe96df000 	C:\Windows\System32\SHELL32.dll
0x00007ffbe66f0000 - 0x00007ffbe6e80000 	C:\Windows\SYSTEM32\windows.storage.dll
0x00007ffbeaac0000 - 0x00007ffbeae15000 	C:\Windows\System32\combase.dll
0x00007ffbe7f90000 - 0x00007ffbe7fbc000 	C:\Windows\SYSTEM32\Wldp.dll
0x00007ffbea9b0000 - 0x00007ffbeaa5e000 	C:\Windows\System32\SHCORE.dll
0x00007ffbe8f40000 - 0x00007ffbe8f95000 	C:\Windows\System32\shlwapi.dll
0x00007ffbe8550000 - 0x00007ffbe856f000 	C:\Windows\SYSTEM32\profapi.dll
0x00007ffbe17a0000 - 0x00007ffbe17ba000 	C:\Program Files\Android\Android Studio1\jre\bin\net.dll
0x00007ffbdb340000 - 0x00007ffbdb448000 	C:\Windows\SYSTEM32\WINHTTP.dll
0x00007ffbe7cf0000 - 0x00007ffbe7d5a000 	C:\Windows\system32\mswsock.dll
0x00007ffbe1610000 - 0x00007ffbe1624000 	C:\Program Files\Android\Android Studio1\jre\bin\nio.dll
0x00007ffbe0710000 - 0x00007ffbe0737000 	C:\Users\HP14\.gradle\wrapper\dists\gradle-7.0.2\native\8bec1ad78214c89d9ad589b4d07fe93259594b29d510b10fafb7a158f7737e5d\windows-amd64\native-platform.dll
0x00007ffbe0440000 - 0x00007ffbe057d000 	C:\Users\HP14\.gradle\wrapper\dists\gradle-7.0.2\native\53dbd7edfb1c66fb8903c78663c9afc45aea4f116125fa6feffd364cf09443e8\windows-amd64\native-platform-file-events.dll
0x00007ffbe2290000 - 0x00007ffbe229a000 	C:\Program Files\Android\Android Studio1\jre\bin\management.dll
0x00007ffbe1730000 - 0x00007ffbe173c000 	C:\Program Files\Android\Android Studio1\jre\bin\management_ext.dll
0x00007ffbe7ee0000 - 0x00007ffbe7ef8000 	C:\Windows\SYSTEM32\CRYPTSP.dll
0x00007ffbe7670000 - 0x00007ffbe76a4000 	C:\Windows\system32\rsaenh.dll
0x00007ffbe8b80000 - 0x00007ffbe8ba7000 	C:\Windows\System32\bcrypt.dll
0x00007ffbe84d0000 - 0x00007ffbe84fe000 	C:\Windows\SYSTEM32\USERENV.dll
0x00007ffbe7f00000 - 0x00007ffbe7f0c000 	C:\Windows\SYSTEM32\CRYPTBASE.dll
0x00007ffbe79e0000 - 0x00007ffbe7a1b000 	C:\Windows\SYSTEM32\IPHLPAPI.DLL
0x00007ffbe9980000 - 0x00007ffbe9988000 	C:\Windows\System32\NSI.dll
0x00007ffbdd770000 - 0x00007ffbdd787000 	C:\Windows\SYSTEM32\dhcpcsvc6.DLL
0x00007ffbdd720000 - 0x00007ffbdd73d000 	C:\Windows\SYSTEM32\dhcpcsvc.DLL
0x00007ffbe7a20000 - 0x00007ffbe7aec000 	C:\Windows\SYSTEM32\DNSAPI.dll
0x00007ffbdf100000 - 0x00007ffbdf127000 	C:\Program Files\Android\Android Studio1\jre\bin\sunec.dll
0x00007ffbdb300000 - 0x00007ffbdb30a000 	C:\Windows\System32\rasadhlp.dll
0x00007ffbdb220000 - 0x00007ffbdb29f000 	C:\Windows\System32\fwpuclnt.dll
0x00007ffbe72e0000 - 0x00007ffbe7313000 	C:\Windows\SYSTEM32\ntmarta.dll

dbghelp: loaded successfully - version: 4.0.5 - missing functions: none
symbol engine: initialized successfully - sym options: 0x614 - pdb path: .;C:\Program Files\Android\Android Studio1\jre\bin;C:\Windows\SYSTEM32;C:\Windows\WinSxS\amd64_microsoft.windows.common-controls_6595b64144ccf1df_6.0.19041.1110_none_60b5254171f9507e;C:\Program Files\Android\Android Studio1\jre\bin\server;C:\Users\HP14\.gradle\wrapper\dists\gradle-7.0.2\native\8bec1ad78214c89d9ad589b4d07fe93259594b29d510b10fafb7a158f7737e5d\windows-amd64;C:\Users\HP14\.gradle\wrapper\dists\gradle-7.0.2\native\53dbd7edfb1c66fb8903c78663c9afc45aea4f116125fa6feffd364cf09443e8\windows-amd64

VM Arguments:
jvm_args: --add-opens=java.base/java.util=ALL-UNNAMED --add-opens=java.base/java.lang=ALL-UNNAMED --add-opens=java.base/java.lang.invoke=ALL-UNNAMED --add-opens=java.base/java.util=ALL-UNNAMED --add-opens=java.prefs/java.util.prefs=ALL-UNNAMED --add-opens=java.prefs/java.util.prefs=ALL-UNNAMED --add-opens=java.base/java.nio.charset=ALL-UNNAMED --add-opens=java.base/java.net=ALL-UNNAMED --add-opens=java.base/java.util.concurrent.atomic=ALL-UNNAMED -Xmx2048m -Dfile.encoding=UTF-8 -Duser.country=SV -Duser.language=es -Duser.variant 
java_command: org.gradle.launcher.daemon.bootstrap.GradleDaemon 7.0.2
java_class_path (initial): C:\Users\HP14\.gradle\wrapper\dists\gradle-7.0.2\wrapper\dists\gradle-7.0.2-bin\857tjihv64xamwrf0h14cai3r\gradle-7.0.2\lib\gradle-launcher-7.0.2.jar
Launcher Type: SUN_STANDARD

[Global flags]
     intx CICompilerCount                          = 2                                         {product} {ergonomic}
     uint ConcGCThreads                            = 1                                         {product} {ergonomic}
     uint G1ConcRefinementThreads                  = 2                                         {product} {ergonomic}
   size_t G1HeapRegionSize                         = 1048576                                   {product} {ergonomic}
    uintx GCDrainStackTargetSize                   = 64                                        {product} {ergonomic}
   size_t InitialHeapSize                          = 58720256                                  {product} {ergonomic}
   size_t MarkStackSize                            = 4194304                                   {product} {ergonomic}
   size_t MaxHeapSize                              = 2147483648                                {product} {command line}
   size_t MaxNewSize                               = 1287651328                                {product} {ergonomic}
   size_t MinHeapDeltaBytes                        = 1048576                                   {product} {ergonomic}
    uintx NonNMethodCodeHeapSize                   = 5825164                                {pd product} {ergonomic}
    uintx NonProfiledCodeHeapSize                  = 122916538                              {pd product} {ergonomic}
    uintx ProfiledCodeHeapSize                     = 122916538                              {pd product} {ergonomic}
    uintx ReservedCodeCacheSize                    = 251658240                              {pd product} {ergonomic}
     bool SegmentedCodeCache                       = true                                      {product} {ergonomic}
     bool UseCompressedClassPointers               = true                                 {lp64_product} {ergonomic}
     bool UseCompressedOops                        = true                                 {lp64_product} {ergonomic}
     bool UseG1GC                                  = true                                      {product} {ergonomic}
     bool UseLargePagesIndividualAllocation        = false                                  {pd product} {ergonomic}

Logging:
Log output configuration:
 #0: stdout all=warning uptime,level,tags
 #1: stderr all=off uptime,level,tags

Environment Variables:
PATH=C:\Program Files (x86)\Common Files\Oracle\Java\javapath;C:\Windows\system32;C:\Windows;C:\Windows\System32\Wbem;C:\Windows\System32\WindowsPowerShell\v1.0\;C:\Windows\System32\OpenSSH\;C:\Users\HP14\.gradle\wrapper\dists\gradle-7.0.2\bin;C:\Program Files\Git\cmd;C:\flutter\bin;C:\Users\HP14\.jdks\openjdk-16.0.2\bin;C:\Users\HP14\AppData\Local\Microsoft\WindowsApps;;C:\Program Files\JetBrains\IntelliJ IDEA Community Edition 2021.1.3\bin;;C:\Users\HP14\AppData\Local\Programs\Microsoft VS Code\bin
USERNAME=HP14
OS=Windows_NT
PROCESSOR_IDENTIFIER=AMD64 Family 22 Model 0 Stepping 1, AuthenticAMD



---------------  S Y S T E M  ---------------

OS: Windows 10 , 64 bit Build 19041 (10.0.19041.1202)
OS uptime: 0 days 23:52 hours

CPU:total 2 (initial active 2) (2 cores per cpu, 1 threads per core) family 22 model 0 stepping 1 microcode 0x0, cmov, cx8, fxsr, mmx, sse, sse2, sse3, ssse3, sse4.1, sse4.2, popcnt, avx, aes, clmul, mmxext, 3dnowpref, lzcnt, sse4a, tsc, tscinvbit, tscinv, bmi1

Memory: 4k page, system-wide physical 3558M (282M free)
TotalPageFile size 5558M (AvailPageFile size 4M)
current process WorkingSet (physical memory assigned to process): 354M, peak: 661M
current process commit charge ("private bytes"): 768M, peak: 773M

vm_info: OpenJDK 64-Bit Server VM (11.0.10+0-b96-7249189) for windows-amd64 JRE (11.0.10+0-b96-7249189), built on Mar 31 2021 21:44:00 by "builder" with MS VC++ 14.0 (VS2015)

END.
